  [1m[35m (0.2ms)[0m  [1m[34mSELECT sqlite_version(*)[0m
  [1m[35m (2.6ms)[0m  [1m[35mCREATE TABLE "schema_migrations" ("version" varchar NOT NULL PRIMARY KEY)[0m
  [1m[35m (2.5ms)[0m  [1m[35mCREATE TABLE "ar_internal_metadata" ("key" varchar NOT NULL PRIMARY KEY, "value" varchar, "created_at" datetime NOT NULL, "updated_at" datetime NOT NULL)[0m
  [1m[35m (0.4ms)[0m  [1m[34mSELECT "schema_migrations"."version" FROM "schema_migrations" ORDER BY "schema_migrations"."version" ASC[0m
Migrating to CreateLists (20171011122854)
  [1m[35m (0.4ms)[0m  [1m[36mbegin transaction[0m
  [1m[35m (1.1ms)[0m  [1m[35mCREATE TABLE "lists" ("id" INTEGER PRIMARY KEY AUTOINCREMENT NOT NULL, "name" varchar, "due" date, "note" text, "created_at" datetime NOT NULL, "updated_at" datetime NOT NULL)[0m
  [1m[35mSQL (0.4ms)[0m  [1m[32mINSERT INTO "schema_migrations" ("version") VALUES (?)[0m  [["version", "20171011122854"]]
  [1m[35m (1.9ms)[0m  [1m[36mcommit transaction[0m
  [1m[36mActiveRecord::InternalMetadata Load (0.4ms)[0m  [1m[34mSELECT  "ar_internal_metadata".* FROM "ar_internal_metadata" WHERE "ar_internal_metadata"."key" = ? LIMIT ?[0m  [["key", "environment"], ["LIMIT", 1]]
  [1m[35m (0.2ms)[0m  [1m[36mbegin transaction[0m
  [1m[35mSQL (0.9ms)[0m  [1m[32mINSERT INTO "ar_internal_metadata" ("key", "value", "created_at", "updated_at") VALUES (?, ?, ?, ?)[0m  [["key", "environment"], ["value", "development"], ["created_at", "2018-01-12 00:24:41.819659"], ["updated_at", "2018-01-12 00:24:41.819659"]]
  [1m[35m (3.5ms)[0m  [1m[36mcommit transaction[0m
  [1m[35m (0.4ms)[0m  [1m[34mSELECT "schema_migrations"."version" FROM "schema_migrations" ORDER BY "schema_migrations"."version" ASC[0m
Started GET "/" for 127.0.0.1 at 2018-01-12 08:25:19 +0800
  [1m[35m (13.2ms)[0m  [1m[34mSELECT "schema_migrations"."version" FROM "schema_migrations" ORDER BY "schema_migrations"."version" ASC[0m
Processing by ListsController#index as HTML
  Rendering lists/index.html.erb within layouts/application
  [1m[36mList Load (0.7ms)[0m  [1m[34mSELECT "lists".* FROM "lists"[0m
  Rendered lists/index.html.erb within layouts/application (8.0ms)
Completed 200 OK in 14442ms (Views: 14395.0ms | ActiveRecord: 1.4ms)


Started GET "/lists/new" for 127.0.0.1 at 2018-01-12 08:26:01 +0800
Processing by ListsController#new as HTML
  Rendering lists/new.html.erb within layouts/application
  Rendered lists/_form.html.erb (223.1ms)
  Rendered lists/new.html.erb within layouts/application (233.2ms)
Completed 200 OK in 592ms (Views: 462.7ms | ActiveRecord: 6.2ms)


Started POST "/lists" for 127.0.0.1 at 2018-01-12 08:26:26 +0800
Processing by ListsController#create as HTML
  Parameters: {"utf8"=>"✓", "authenticity_token"=>"BOYHv0IAtHveelQq99lZZGXmL//yqw38H7q/CQcRVFhBXr4MZ/Iay9PNF9eANNdI9Zb5MG5K8ln7u0Y8xXq75g==", "list"=>{"name"=>"Clean", "due"=>"2018-01-01", "note"=>"Just do it!"}, "commit"=>"Create List"}
  [1m[35m (0.2ms)[0m  [1m[36mbegin transaction[0m
  [1m[35mSQL (50.6ms)[0m  [1m[32mINSERT INTO "lists" ("name", "due", "note", "created_at", "updated_at") VALUES (?, ?, ?, ?, ?)[0m  [["name", "Clean"], ["due", "2018-01-01"], ["note", "Just do it!"], ["created_at", "2018-01-12 00:26:27.061377"], ["updated_at", "2018-01-12 00:26:27.061377"]]
  [1m[35m (6.0ms)[0m  [1m[36mcommit transaction[0m
Redirected to http://localhost:3000/lists
Completed 302 Found in 84ms (ActiveRecord: 56.8ms)


Started GET "/lists" for 127.0.0.1 at 2018-01-12 08:26:27 +0800
Processing by ListsController#index as HTML
  Rendering lists/index.html.erb within layouts/application
  [1m[36mList Load (0.5ms)[0m  [1m[34mSELECT "lists".* FROM "lists"[0m
  Rendered lists/index.html.erb within layouts/application (29.3ms)
Completed 200 OK in 224ms (Views: 197.0ms | ActiveRecord: 0.5ms)


Started GET "/lists" for 127.0.0.1 at 2018-01-12 08:26:30 +0800
Processing by ListsController#index as HTML
  Rendering lists/index.html.erb within layouts/application
  [1m[36mList Load (0.8ms)[0m  [1m[34mSELECT "lists".* FROM "lists"[0m
  Rendered lists/index.html.erb within layouts/application (5.6ms)
Completed 200 OK in 176ms (Views: 162.1ms | ActiveRecord: 0.8ms)


Started GET "/lists" for 127.0.0.1 at 2018-01-12 08:26:31 +0800
Processing by ListsController#index as HTML
  Rendering lists/index.html.erb within layouts/application
  [1m[36mList Load (0.6ms)[0m  [1m[34mSELECT "lists".* FROM "lists"[0m
  Rendered lists/index.html.erb within layouts/application (7.3ms)
Completed 200 OK in 169ms (Views: 156.4ms | ActiveRecord: 0.6ms)


Started GET "/lists" for 127.0.0.1 at 2018-01-12 08:26:31 +0800
Processing by ListsController#index as HTML
  Rendering lists/index.html.erb within layouts/application
  [1m[36mList Load (0.4ms)[0m  [1m[34mSELECT "lists".* FROM "lists"[0m
  Rendered lists/index.html.erb within layouts/application (10.9ms)
Completed 200 OK in 167ms (Views: 149.1ms | ActiveRecord: 0.4ms)


Started GET "/lists" for 127.0.0.1 at 2018-01-12 08:26:32 +0800
Processing by ListsController#index as HTML
  Rendering lists/index.html.erb within layouts/application
  [1m[36mList Load (0.8ms)[0m  [1m[34mSELECT "lists".* FROM "lists"[0m
  Rendered lists/index.html.erb within layouts/application (6.7ms)
Completed 200 OK in 162ms (Views: 152.4ms | ActiveRecord: 0.8ms)


Started GET "/lists/new" for 127.0.0.1 at 2018-01-12 08:26:34 +0800
Processing by ListsController#new as HTML
  Rendering lists/new.html.erb within layouts/application
  Rendered lists/_form.html.erb (6.5ms)
  Rendered lists/new.html.erb within layouts/application (13.5ms)
Completed 200 OK in 156ms (Views: 102.3ms | ActiveRecord: 0.0ms)


Started POST "/lists" for 127.0.0.1 at 2018-01-12 08:26:57 +0800
Processing by ListsController#create as HTML
  Parameters: {"utf8"=>"✓", "authenticity_token"=>"B06/GJwrYI3rQnscdjOddbrXfToU5VdWmat7dUoXdcJC9garudnOPeb1OOEB3hNZKqer9YgEqPN9qoJAiHyafA==", "list"=>{"name"=>"Sweep", "due"=>"2018-02-01", "note"=>"Do it everyday!"}, "commit"=>"Create List"}
  [1m[35m (0.2ms)[0m  [1m[36mbegin transaction[0m
  [1m[35mSQL (4.1ms)[0m  [1m[32mINSERT INTO "lists" ("name", "due", "note", "created_at", "updated_at") VALUES (?, ?, ?, ?, ?)[0m  [["name", "Sweep"], ["due", "2018-02-01"], ["note", "Do it everyday!"], ["created_at", "2018-01-12 00:26:57.073796"], ["updated_at", "2018-01-12 00:26:57.073796"]]
  [1m[35m (3.7ms)[0m  [1m[36mcommit transaction[0m
Redirected to http://localhost:3000/lists
Completed 302 Found in 18ms (ActiveRecord: 7.9ms)


Started GET "/lists" for 127.0.0.1 at 2018-01-12 08:26:57 +0800
Processing by ListsController#index as HTML
  Rendering lists/index.html.erb within layouts/application
  [1m[36mList Load (0.5ms)[0m  [1m[34mSELECT "lists".* FROM "lists"[0m
  Rendered lists/index.html.erb within layouts/application (6.2ms)
Completed 200 OK in 131ms (Views: 121.7ms | ActiveRecord: 0.5ms)


Started GET "/lists/new" for 127.0.0.1 at 2018-01-12 08:59:10 +0800
  
SyntaxError (/Users/admin/Desktop/lighthouse_practice/TO_DO_LIST/to_do_list/app/controllers/lists_controller.rb:27: syntax error, unexpected tIVAR, expecting keyword_end
    end@list = List.find(params[:id])
            ^):
  
app/controllers/lists_controller.rb:27: syntax error, unexpected tIVAR, expecting keyword_end
Started GET "/lists/new" for 127.0.0.1 at 2018-01-12 08:59:59 +0800
  
SyntaxError (/Users/admin/Desktop/lighthouse_practice/TO_DO_LIST/to_do_list/app/controllers/lists_controller.rb:27: syntax error, unexpected tIVAR, expecting keyword_end
    end@list = List.find(params[:id])
            ^):
  
app/controllers/lists_controller.rb:27: syntax error, unexpected tIVAR, expecting keyword_end
Started GET "/lists/new" for 127.0.0.1 at 2018-01-12 09:00:29 +0800
Processing by ListsController#new as HTML
  Rendering lists/new.html.erb within layouts/application
  Rendered lists/_form.html.erb (19.9ms)
  Rendered lists/new.html.erb within layouts/application (30.5ms)
Completed 200 OK in 570ms (Views: 446.0ms | ActiveRecord: 5.0ms)


Started POST "/lists" for 127.0.0.1 at 2018-01-12 09:01:01 +0800
Processing by ListsController#create as HTML
  Parameters: {"utf8"=>"✓", "authenticity_token"=>"tUa3xHfTjZRG6aAUvV6RO3QHN+Q/GTYaQeubnLPXmFEdjJdyXSlBg424DNkgpVzBBGH6e60Pz+lhONgCm66UWA==", "list"=>{"name"=>"Dish washing", "due"=>"2018-01-15", "note"=>"Hot water"}, "commit"=>"Create List"}
  [1m[35m (0.2ms)[0m  [1m[36mbegin transaction[0m
  [1m[35mSQL (27.1ms)[0m  [1m[32mINSERT INTO "lists" ("name", "due", "note", "created_at", "updated_at") VALUES (?, ?, ?, ?, ?)[0m  [["name", "Dish washing"], ["due", "2018-01-15"], ["note", "Hot water"], ["created_at", "2018-01-12 01:01:01.410248"], ["updated_at", "2018-01-12 01:01:01.410248"]]
  [1m[35m (2.8ms)[0m  [1m[36mcommit transaction[0m
Redirected to http://localhost:3000/lists
Completed 302 Found in 46ms (ActiveRecord: 30.2ms)


Started GET "/lists" for 127.0.0.1 at 2018-01-12 09:01:01 +0800
Processing by ListsController#index as HTML
  Rendering lists/index.html.erb within layouts/application
  [1m[36mList Load (0.5ms)[0m  [1m[34mSELECT "lists".* FROM "lists"[0m
  Rendered lists/index.html.erb within layouts/application (11.2ms)
Completed 200 OK in 179ms (Views: 151.0ms | ActiveRecord: 0.5ms)


Started GET "/lists" for 127.0.0.1 at 2018-01-12 09:01:43 +0800
Processing by ListsController#index as HTML
  Rendering lists/index.html.erb within layouts/application
  [1m[36mList Load (0.4ms)[0m  [1m[34mSELECT "lists".* FROM "lists"[0m
  Rendered lists/index.html.erb within layouts/application (8.7ms)
Completed 200 OK in 126ms (Views: 116.7ms | ActiveRecord: 0.4ms)


Started GET "/lists/new" for 127.0.0.1 at 2018-01-12 09:03:07 +0800
Processing by ListsController#new as HTML
  Rendering lists/new.html.erb within layouts/application
  Rendered lists/_form.html.erb (8.8ms)
  Rendered lists/new.html.erb within layouts/application (18.0ms)
Completed 200 OK in 266ms (Views: 168.3ms | ActiveRecord: 4.2ms)


Started POST "/lists" for 127.0.0.1 at 2018-01-12 09:03:16 +0800
Processing by ListsController#create as HTML
  Parameters: {"utf8"=>"✓", "authenticity_token"=>"JniKXdKSkeNNt6xGdcq8BqYXz1dvcKx2ZAyw0gFesGZjwDPu92A/U0AA77sCJzIqNmcZmPORU9OADUnnwzVf2A==", "list"=>{"name"=>"Test", "due"=>"test", "note"=>"test"}, "commit"=>"Create List"}
  [1m[35m (0.2ms)[0m  [1m[36mbegin transaction[0m
  [1m[35m (0.3ms)[0m  [1m[31mrollback transaction[0m
  Rendering lists/new.html.erb within layouts/application
  Rendered lists/_form.html.erb (7.8ms)
  Rendered lists/new.html.erb within layouts/application (16.5ms)
Completed 200 OK in 181ms (Views: 169.0ms | ActiveRecord: 0.5ms)


Started POST "/lists" for 127.0.0.1 at 2018-01-12 09:03:30 +0800
Processing by ListsController#create as HTML
  Parameters: {"utf8"=>"✓", "authenticity_token"=>"2G7KwDndqjGVo5y6aGbZJ+xb+HXaovdfDdkfcy5iv9ZwpOp2EydmJl7yMHf1nRTdnD016ki0DqwtClztBhuz3w==", "list"=>{"name"=>"Test", "due"=>"2018-01-06", "note"=>"test"}, "commit"=>"Create List"}
  [1m[35m (0.2ms)[0m  [1m[36mbegin transaction[0m
  [1m[35mSQL (4.2ms)[0m  [1m[32mINSERT INTO "lists" ("name", "due", "note", "created_at", "updated_at") VALUES (?, ?, ?, ?, ?)[0m  [["name", "Test"], ["due", "2018-01-06"], ["note", "test"], ["created_at", "2018-01-12 01:03:30.533777"], ["updated_at", "2018-01-12 01:03:30.533777"]]
  [1m[35m (3.9ms)[0m  [1m[36mcommit transaction[0m
Redirected to http://localhost:3000/lists
Completed 302 Found in 21ms (ActiveRecord: 8.3ms)


Started GET "/lists" for 127.0.0.1 at 2018-01-12 09:03:30 +0800
Processing by ListsController#index as HTML
  Rendering lists/index.html.erb within layouts/application
  [1m[36mList Load (0.5ms)[0m  [1m[34mSELECT "lists".* FROM "lists"[0m
  Rendered lists/index.html.erb within layouts/application (11.7ms)
Completed 200 OK in 134ms (Views: 122.1ms | ActiveRecord: 0.5ms)


Started GET "/lists/new" for 127.0.0.1 at 2018-01-12 09:04:35 +0800
Processing by ListsController#new as HTML
  Rendering lists/new.html.erb within layouts/application
  Rendered lists/_form.html.erb (7.8ms)
  Rendered lists/new.html.erb within layouts/application (17.2ms)
Completed 200 OK in 336ms (Views: 261.5ms | ActiveRecord: 0.0ms)


Started POST "/lists" for 127.0.0.1 at 2018-01-12 09:04:46 +0800
Processing by ListsController#create as HTML
  Parameters: {"utf8"=>"✓", "authenticity_token"=>"HV4bplDxWXxxMuf+sQguFbxOmDK2jNsZTZghvZ8um8BY5qIVdQP3zHyFpAPG5aA5LD5O/SptJLypmdiIXUV0fg==", "list"=>{"name"=>"Test2", "due"=>"2018-01-15", "note"=>"test2"}, "commit"=>"Create List"}
  [1m[35m (0.4ms)[0m  [1m[36mbegin transaction[0m
  [1m[35mSQL (1.5ms)[0m  [1m[32mINSERT INTO "lists" ("name", "due", "note", "created_at", "updated_at") VALUES (?, ?, ?, ?, ?)[0m  [["name", "Test2"], ["due", "2018-01-15"], ["note", "test2"], ["created_at", "2018-01-12 01:04:46.795458"], ["updated_at", "2018-01-12 01:04:46.795458"]]
  [1m[35m (2.4ms)[0m  [1m[36mcommit transaction[0m
Redirected to http://localhost:3000/lists
Completed 302 Found in 15ms (ActiveRecord: 4.2ms)


Started GET "/lists" for 127.0.0.1 at 2018-01-12 09:04:46 +0800
Processing by ListsController#index as HTML
  Rendering lists/index.html.erb within layouts/application
  [1m[36mList Load (0.7ms)[0m  [1m[34mSELECT "lists".* FROM "lists"[0m
  Rendered lists/index.html.erb within layouts/application (9.9ms)
Completed 200 OK in 165ms (Views: 142.6ms | ActiveRecord: 0.7ms)


Started GET "/lists" for 127.0.0.1 at 2018-01-12 09:05:50 +0800
Processing by ListsController#index as HTML
  Rendering lists/index.html.erb within layouts/application
  [1m[36mList Load (1.0ms)[0m  [1m[34mSELECT "lists".* FROM "lists"[0m
  Rendered lists/index.html.erb within layouts/application (11.7ms)
Completed 200 OK in 250ms (Views: 230.1ms | ActiveRecord: 1.0ms)


Started GET "/lists/new" for 127.0.0.1 at 2018-01-12 09:05:52 +0800
Processing by ListsController#new as HTML
  Rendering lists/new.html.erb within layouts/application
  Rendered lists/_form.html.erb (9.3ms)
  Rendered lists/new.html.erb within layouts/application (18.2ms)
Completed 200 OK in 175ms (Views: 132.5ms | ActiveRecord: 0.0ms)


Started POST "/lists" for 127.0.0.1 at 2018-01-12 09:06:02 +0800
Processing by ListsController#create as HTML
  Parameters: {"utf8"=>"✓", "authenticity_token"=>"i6UkOO9/bPa70OZuaArVj25J13w4cSiBB8oMDrQ5Rz7OHZ2Lyo3CRrZnpZMf51uj/jkBs6SQ1yTjy/U7dlKogA==", "list"=>{"name"=>"Test3", "due"=>"2018-01-15", "note"=>"test3"}, "commit"=>"Create List"}
  [1m[35m (0.8ms)[0m  [1m[36mbegin transaction[0m
  [1m[35mSQL (1.1ms)[0m  [1m[32mINSERT INTO "lists" ("name", "due", "note", "created_at", "updated_at") VALUES (?, ?, ?, ?, ?)[0m  [["name", "Test3"], ["due", "2018-01-15"], ["note", "test3"], ["created_at", "2018-01-12 01:06:02.994145"], ["updated_at", "2018-01-12 01:06:02.994145"]]
  [1m[35m (3.3ms)[0m  [1m[36mcommit transaction[0m
Redirected to http://localhost:3000/lists
Completed 302 Found in 18ms (ActiveRecord: 5.2ms)


Started GET "/lists" for 127.0.0.1 at 2018-01-12 09:06:03 +0800
Processing by ListsController#index as HTML
  Rendering lists/index.html.erb within layouts/application
  [1m[36mList Load (0.6ms)[0m  [1m[34mSELECT "lists".* FROM "lists"[0m
  Rendered lists/index.html.erb within layouts/application (13.4ms)
Completed 200 OK in 159ms (Views: 147.5ms | ActiveRecord: 0.6ms)


Started GET "/lists/6" for 127.0.0.1 at 2018-01-12 09:08:59 +0800
Processing by ListsController#show as HTML
  Parameters: {"id"=>"6"}
  [1m[36mList Load (1.2ms)[0m  [1m[34mSELECT  "lists".* FROM "lists" WHERE "lists"."id" = ? LIMIT ?[0m  [["id", 6], ["LIMIT", 1]]
  Rendering lists/show.html.erb within layouts/application
  Rendered lists/show.html.erb within layouts/application (95.6ms)
Completed 200 OK in 899ms (Views: 346.5ms | ActiveRecord: 1.2ms)


Started GET "/lists" for 127.0.0.1 at 2018-01-12 09:10:33 +0800
Processing by ListsController#index as HTML
  Rendering lists/index.html.erb within layouts/application
  [1m[36mList Load (0.7ms)[0m  [1m[34mSELECT "lists".* FROM "lists"[0m
  Rendered lists/index.html.erb within layouts/application (15.8ms)
Completed 200 OK in 249ms (Views: 229.0ms | ActiveRecord: 0.7ms)


Started GET "/lists" for 127.0.0.1 at 2018-01-12 09:10:35 +0800
Processing by ListsController#index as HTML
  Rendering lists/index.html.erb within layouts/application
  [1m[36mList Load (0.8ms)[0m  [1m[34mSELECT "lists".* FROM "lists"[0m
  Rendered lists/index.html.erb within layouts/application (16.6ms)
Completed 200 OK in 178ms (Views: 168.1ms | ActiveRecord: 0.8ms)


Started GET "/lists" for 127.0.0.1 at 2018-01-12 09:11:13 +0800
Processing by ListsController#index as HTML
  Rendering lists/index.html.erb within layouts/application
  [1m[36mList Load (0.4ms)[0m  [1m[34mSELECT "lists".* FROM "lists"[0m
  Rendered lists/index.html.erb within layouts/application (73.9ms)
Completed 200 OK in 469ms (Views: 419.0ms | ActiveRecord: 4.2ms)


Started GET "/lists" for 127.0.0.1 at 2018-01-12 09:12:42 +0800
Processing by ListsController#index as HTML
  Rendering lists/index.html.erb within layouts/application
  [1m[36mList Load (0.4ms)[0m  [1m[34mSELECT "lists".* FROM "lists"[0m
  Rendered lists/index.html.erb within layouts/application (45.5ms)
Completed 200 OK in 263ms (Views: 231.9ms | ActiveRecord: 4.3ms)


Started DELETE "/lists/6" for 127.0.0.1 at 2018-01-12 09:12:48 +0800
Processing by ListsController#destroy as HTML
  Parameters: {"authenticity_token"=>"5+22lBvBAYDQKLX5x/7T70BDGTVIHmEEVMPGMWshhYVPJ5YiMTvNlxt5GTRaBR4VMCXUqtoImPd0EIWvQ1iJjA==", "id"=>"6"}
  [1m[36mList Load (0.8ms)[0m  [1m[34mSELECT  "lists".* FROM "lists" WHERE "lists"."id" = ? LIMIT ?[0m  [["id", 6], ["LIMIT", 1]]
  [1m[35m (0.1ms)[0m  [1m[36mbegin transaction[0m
  [1m[35mSQL (1.0ms)[0m  [1m[31mDELETE FROM "lists" WHERE "lists"."id" = ?[0m  [["id", 6]]
  [1m[35m (2.3ms)[0m  [1m[36mcommit transaction[0m
Redirected to http://localhost:3000/lists
Completed 302 Found in 16ms (ActiveRecord: 4.3ms)


Started GET "/lists" for 127.0.0.1 at 2018-01-12 09:12:48 +0800
Processing by ListsController#index as HTML
  Rendering lists/index.html.erb within layouts/application
  [1m[36mList Load (1.0ms)[0m  [1m[34mSELECT "lists".* FROM "lists"[0m
  Rendered lists/index.html.erb within layouts/application (8.2ms)
Completed 200 OK in 121ms (Views: 110.9ms | ActiveRecord: 1.0ms)


Started GET "/lists" for 127.0.0.1 at 2018-01-12 09:14:32 +0800
Processing by ListsController#index as HTML
  Rendering lists/index.html.erb within layouts/application
  [1m[36mList Load (1.6ms)[0m  [1m[34mSELECT "lists".* FROM "lists"[0m
  Rendered lists/index.html.erb within layouts/application (130.0ms)
Completed 200 OK in 552ms (Views: 502.5ms | ActiveRecord: 6.5ms)


Started GET "/lists" for 127.0.0.1 at 2018-01-12 09:14:42 +0800
Processing by ListsController#index as HTML
  Rendering lists/index.html.erb within layouts/application
  [1m[36mList Load (0.7ms)[0m  [1m[34mSELECT "lists".* FROM "lists"[0m
  Rendered lists/index.html.erb within layouts/application (8.3ms)
Completed 200 OK in 115ms (Views: 106.9ms | ActiveRecord: 0.7ms)


Started GET "/lists" for 127.0.0.1 at 2018-01-12 09:14:44 +0800
Processing by ListsController#index as HTML
  Rendering lists/index.html.erb within layouts/application
  [1m[36mList Load (0.4ms)[0m  [1m[34mSELECT "lists".* FROM "lists"[0m
  Rendered lists/index.html.erb within layouts/application (7.3ms)
Completed 200 OK in 108ms (Views: 100.4ms | ActiveRecord: 0.4ms)


Started GET "/lists" for 127.0.0.1 at 2018-01-12 09:14:46 +0800
Processing by ListsController#index as HTML
  Rendering lists/index.html.erb within layouts/application
  [1m[36mList Load (0.4ms)[0m  [1m[34mSELECT "lists".* FROM "lists"[0m
  Rendered lists/index.html.erb within layouts/application (7.1ms)
Completed 200 OK in 100ms (Views: 89.3ms | ActiveRecord: 0.4ms)


Started GET "/" for 127.0.0.1 at 2018-01-12 09:14:50 +0800
Processing by ListsController#index as HTML
  Rendering lists/index.html.erb within layouts/application
  [1m[36mList Load (0.4ms)[0m  [1m[34mSELECT "lists".* FROM "lists"[0m
  Rendered lists/index.html.erb within layouts/application (7.7ms)
Completed 200 OK in 98ms (Views: 88.6ms | ActiveRecord: 0.4ms)


Started GET "/" for 127.0.0.1 at 2018-01-12 09:15:40 +0800
Processing by ListsController#index as HTML
  Rendering lists/index.html.erb within layouts/application
  [1m[36mList Load (0.6ms)[0m  [1m[34mSELECT "lists".* FROM "lists"[0m
  Rendered lists/index.html.erb within layouts/application (11.4ms)
Completed 200 OK in 171ms (Views: 161.5ms | ActiveRecord: 0.6ms)


Started GET "/lists/new" for 127.0.0.1 at 2018-01-12 09:15:43 +0800
Processing by ListsController#new as HTML
  Rendering lists/new.html.erb within layouts/application
  Rendered lists/_form.html.erb (10.5ms)
  Rendered lists/new.html.erb within layouts/application (20.5ms)
Completed 200 OK in 170ms (Views: 111.7ms | ActiveRecord: 0.0ms)


Started GET "/" for 127.0.0.1 at 2018-01-12 09:15:51 +0800
Processing by ListsController#index as HTML
  Rendering lists/index.html.erb within layouts/application
  [1m[36mList Load (0.5ms)[0m  [1m[34mSELECT "lists".* FROM "lists"[0m
  Rendered lists/index.html.erb within layouts/application (10.8ms)
Completed 200 OK in 130ms (Views: 122.3ms | ActiveRecord: 0.5ms)


Started GET "/" for 127.0.0.1 at 2018-01-12 09:15:57 +0800
Processing by ListsController#index as HTML
  Rendering lists/index.html.erb within layouts/application
  [1m[36mList Load (0.8ms)[0m  [1m[34mSELECT "lists".* FROM "lists"[0m
  Rendered lists/index.html.erb within layouts/application (17.6ms)
Completed 200 OK in 179ms (Views: 167.9ms | ActiveRecord: 0.8ms)


Started GET "/lists/new" for 127.0.0.1 at 2018-01-12 09:17:08 +0800
Processing by ListsController#new as HTML
  Rendering lists/new.html.erb within layouts/application
  Rendered lists/_form.html.erb (18.0ms)
  Rendered lists/new.html.erb within layouts/application (29.9ms)
Completed 200 OK in 429ms (Views: 320.1ms | ActiveRecord: 4.5ms)


Started POST "/lists" for 127.0.0.1 at 2018-01-12 09:17:20 +0800
Processing by ListsController#create as HTML
  Parameters: {"utf8"=>"✓", "authenticity_token"=>"rmiviPg5V7lxGexiP8WLH4YFIiazA8G32Ydfr3K9E9Xr0BY73cv5CXyur59IKAUzFnX06S/iPhI9hqaasNb8aw==", "list"=>{"name"=>"Test4", "due"=>"2018-01-15", "note"=>"test4"}, "commit"=>"Create List"}
  [1m[35m (0.3ms)[0m  [1m[36mbegin transaction[0m
  [1m[35mSQL (1.6ms)[0m  [1m[32mINSERT INTO "lists" ("name", "due", "note", "created_at", "updated_at") VALUES (?, ?, ?, ?, ?)[0m  [["name", "Test4"], ["due", "2018-01-15"], ["note", "test4"], ["created_at", "2018-01-12 01:17:20.194043"], ["updated_at", "2018-01-12 01:17:20.194043"]]
  [1m[35m (2.2ms)[0m  [1m[36mcommit transaction[0m
Redirected to http://localhost:3000/lists
Completed 302 Found in 24ms (ActiveRecord: 4.1ms)


Started GET "/lists" for 127.0.0.1 at 2018-01-12 09:17:20 +0800
Processing by ListsController#index as HTML
  Rendering lists/index.html.erb within layouts/application
  [1m[36mList Load (1.7ms)[0m  [1m[34mSELECT "lists".* FROM "lists"[0m
  Rendered lists/index.html.erb within layouts/application (16.3ms)
Completed 200 OK in 259ms (Views: 221.8ms | ActiveRecord: 1.7ms)


Started GET "/lists/new" for 127.0.0.1 at 2018-01-12 09:19:03 +0800
Processing by ListsController#new as HTML
  Rendering lists/new.html.erb within layouts/application
  Rendered lists/_form.html.erb (8.0ms)
  Rendered lists/new.html.erb within layouts/application (17.2ms)
Completed 200 OK in 251ms (Views: 210.9ms | ActiveRecord: 0.0ms)


Started POST "/lists" for 127.0.0.1 at 2018-01-12 09:19:15 +0800
Processing by ListsController#create as HTML
  Parameters: {"utf8"=>"✓", "authenticity_token"=>"yLNBkrdI2SBKTZGOXFGv65G6tjMGhZDIEUt/sx68DTSNC/ghkrp3kEf60nMrvCHHAcpg/Jpkb231SoaG3Nfiig==", "list"=>{"name"=>"Test5", "due"=>"2018-01-15", "note"=>"test5"}, "commit"=>"Create List"}
  [1m[35m (0.2ms)[0m  [1m[36mbegin transaction[0m
  [1m[35mSQL (1.4ms)[0m  [1m[32mINSERT INTO "lists" ("name", "due", "note", "created_at", "updated_at") VALUES (?, ?, ?, ?, ?)[0m  [["name", "Test5"], ["due", "2018-01-15"], ["note", "test5"], ["created_at", "2018-01-12 01:19:15.518652"], ["updated_at", "2018-01-12 01:19:15.518652"]]
  [1m[35m (4.7ms)[0m  [1m[36mcommit transaction[0m
Redirected to http://localhost:3000/lists
Completed 302 Found in 18ms (ActiveRecord: 6.3ms)


Started GET "/lists" for 127.0.0.1 at 2018-01-12 09:19:15 +0800
Processing by ListsController#index as HTML
  Rendering lists/index.html.erb within layouts/application
  [1m[36mList Load (4.3ms)[0m  [1m[34mSELECT "lists".* FROM "lists"[0m
  Rendered lists/index.html.erb within layouts/application (19.2ms)
Completed 200 OK in 181ms (Views: 156.2ms | ActiveRecord: 4.3ms)


Started GET "/lists/new" for 127.0.0.1 at 2018-01-12 09:20:20 +0800
Processing by ListsController#new as HTML
  Rendering lists/new.html.erb within layouts/application
  Rendered lists/_form.html.erb (7.9ms)
  Rendered lists/new.html.erb within layouts/application (31.2ms)
Completed 200 OK in 173ms (Views: 154.5ms | ActiveRecord: 0.0ms)


Started POST "/lists" for 127.0.0.1 at 2018-01-12 09:20:25 +0800
Processing by ListsController#create as HTML
  Parameters: {"utf8"=>"✓", "authenticity_token"=>"pkGTxrqYUQw7aN6UoLtnBBKx8EDHCEIdY8uyYFbmQXbj+Sp1n2r/vDbfnWnXVukogsEmj1vpvbiHyktVlI2uyA==", "list"=>{"name"=>"Test3", "due"=>"2018-01-15", "note"=>"Just do it!"}, "commit"=>"Create List"}
  [1m[35m (0.2ms)[0m  [1m[36mbegin transaction[0m
  [1m[35mSQL (1.1ms)[0m  [1m[32mINSERT INTO "lists" ("name", "due", "note", "created_at", "updated_at") VALUES (?, ?, ?, ?, ?)[0m  [["name", "Test3"], ["due", "2018-01-15"], ["note", "Just do it!"], ["created_at", "2018-01-12 01:20:25.787199"], ["updated_at", "2018-01-12 01:20:25.787199"]]
  [1m[35m (2.7ms)[0m  [1m[36mcommit transaction[0m
Redirected to http://localhost:3000/lists
Completed 302 Found in 17ms (ActiveRecord: 4.0ms)


Started GET "/lists" for 127.0.0.1 at 2018-01-12 09:20:25 +0800
Processing by ListsController#index as HTML
  Rendering lists/index.html.erb within layouts/application
  [1m[36mList Load (0.8ms)[0m  [1m[34mSELECT "lists".* FROM "lists"[0m
  Rendered lists/index.html.erb within layouts/application (15.2ms)
Completed 200 OK in 144ms (Views: 135.9ms | ActiveRecord: 0.8ms)


Started GET "/lists/new" for 127.0.0.1 at 2018-01-12 09:20:51 +0800
Processing by ListsController#new as HTML
  Rendering lists/new.html.erb within layouts/application
  Rendered lists/_form.html.erb (5.7ms)
  Rendered lists/new.html.erb within layouts/application (14.0ms)
Completed 200 OK in 160ms (Views: 150.6ms | ActiveRecord: 0.0ms)


Started POST "/lists" for 127.0.0.1 at 2018-01-12 09:20:56 +0800
Processing by ListsController#create as HTML
  Parameters: {"utf8"=>"✓", "authenticity_token"=>"NEaO7x25Ko18R2GxynMEvF5pnR/6rVlyuXcLfoylpE1x/jdcOEuEPXHwIky9noqQzhlL0GZMptdddvJLTs5L8w==", "list"=>{"name"=>"Test3", "due"=>"2018-01-15", "note"=>"Just do it!"}, "commit"=>"Create List"}
  [1m[35m (0.2ms)[0m  [1m[36mbegin transaction[0m
  [1m[35mSQL (1.2ms)[0m  [1m[32mINSERT INTO "lists" ("name", "due", "note", "created_at", "updated_at") VALUES (?, ?, ?, ?, ?)[0m  [["name", "Test3"], ["due", "2018-01-15"], ["note", "Just do it!"], ["created_at", "2018-01-12 01:20:56.907207"], ["updated_at", "2018-01-12 01:20:56.907207"]]
  [1m[35m (2.9ms)[0m  [1m[36mcommit transaction[0m
Redirected to http://localhost:3000/lists
Completed 302 Found in 13ms (ActiveRecord: 4.3ms)


Started GET "/lists" for 127.0.0.1 at 2018-01-12 09:20:56 +0800
Processing by ListsController#index as HTML
  Rendering lists/index.html.erb within layouts/application
  [1m[36mList Load (0.7ms)[0m  [1m[34mSELECT "lists".* FROM "lists"[0m
  Rendered lists/index.html.erb within layouts/application (11.8ms)
Completed 200 OK in 175ms (Views: 142.4ms | ActiveRecord: 0.7ms)


Started GET "/lists/new" for 127.0.0.1 at 2018-01-12 09:21:35 +0800
Processing by ListsController#new as HTML
  Rendering lists/new.html.erb within layouts/application
  Rendered lists/_form.html.erb (9.1ms)
  Rendered lists/new.html.erb within layouts/application (25.0ms)
Completed 200 OK in 185ms (Views: 149.2ms | ActiveRecord: 0.0ms)


Started POST "/lists" for 127.0.0.1 at 2018-01-12 09:21:40 +0800
Processing by ListsController#create as HTML
  Parameters: {"utf8"=>"✓", "authenticity_token"=>"yK1o7Vl0YPm1+sd6NFIONVd/nKqJceHV0S/xpHfEf42NFdFefIbOSbhNhIdDv4AZxw9KZRWQHnA1LgiRta+QMw==", "list"=>{"name"=>"Test3", "due"=>"2018-01-15", "note"=>"Do it everyday!"}, "commit"=>"Create List"}
  [1m[35m (0.2ms)[0m  [1m[36mbegin transaction[0m
  [1m[35mSQL (2.1ms)[0m  [1m[32mINSERT INTO "lists" ("name", "due", "note", "created_at", "updated_at") VALUES (?, ?, ?, ?, ?)[0m  [["name", "Test3"], ["due", "2018-01-15"], ["note", "Do it everyday!"], ["created_at", "2018-01-12 01:21:40.207579"], ["updated_at", "2018-01-12 01:21:40.207579"]]
  [1m[35m (3.3ms)[0m  [1m[36mcommit transaction[0m
Redirected to http://localhost:3000/lists
Completed 302 Found in 16ms (ActiveRecord: 5.5ms)


Started GET "/lists" for 127.0.0.1 at 2018-01-12 09:21:40 +0800
Processing by ListsController#index as HTML
  Rendering lists/index.html.erb within layouts/application
  [1m[36mList Load (0.6ms)[0m  [1m[34mSELECT "lists".* FROM "lists"[0m
  Rendered lists/index.html.erb within layouts/application (14.9ms)
Completed 200 OK in 162ms (Views: 146.6ms | ActiveRecord: 0.6ms)


Started DELETE "/lists/11" for 127.0.0.1 at 2018-01-12 09:24:39 +0800
  [1m[35m (19.2ms)[0m  [1m[34mSELECT "schema_migrations"."version" FROM "schema_migrations" ORDER BY "schema_migrations"."version" ASC[0m
Processing by ListsController#destroy as HTML
  Parameters: {"authenticity_token"=>"GhCnMD6z24ZnS9tLW3ilgvgZe+KAqmwREzdzZ+FARf2y2oeGFEkXkawad4bGg2h4iH+2fRK8leIz5DD5yTlJ9A==", "id"=>"11"}
  [1m[36mList Load (14.7ms)[0m  [1m[34mSELECT  "lists".* FROM "lists" WHERE "lists"."id" = ? LIMIT ?[0m  [["id", 11], ["LIMIT", 1]]
  [1m[35m (0.2ms)[0m  [1m[36mbegin transaction[0m
  [1m[35mSQL (1.0ms)[0m  [1m[31mDELETE FROM "lists" WHERE "lists"."id" = ?[0m  [["id", 11]]
  [1m[35m (2.0ms)[0m  [1m[36mcommit transaction[0m
Redirected to http://localhost:3000/lists
Completed 302 Found in 103ms (ActiveRecord: 19.5ms)


Started GET "/lists" for 127.0.0.1 at 2018-01-12 09:24:41 +0800
Processing by ListsController#index as HTML
  Rendering lists/index.html.erb within layouts/application
  [1m[36mList Load (0.5ms)[0m  [1m[34mSELECT "lists".* FROM "lists"[0m
  Rendered lists/index.html.erb within layouts/application (12.6ms)
Completed 200 OK in 905ms (Views: 896.9ms | ActiveRecord: 0.5ms)


Started DELETE "/lists/10" for 127.0.0.1 at 2018-01-12 09:24:45 +0800
Processing by ListsController#destroy as HTML
  Parameters: {"authenticity_token"=>"laKytYn5sdUYMzwYTvHSULk+qTrcUUL3oFHW5gkEyl49aJIDowN9wtNikNXTCh+qyVhkpU5HuwSAgpV4IX3GVw==", "id"=>"10"}
  [1m[36mList Load (0.4ms)[0m  [1m[34mSELECT  "lists".* FROM "lists" WHERE "lists"."id" = ? LIMIT ?[0m  [["id", 10], ["LIMIT", 1]]
  [1m[35m (0.2ms)[0m  [1m[36mbegin transaction[0m
  [1m[35mSQL (1.1ms)[0m  [1m[31mDELETE FROM "lists" WHERE "lists"."id" = ?[0m  [["id", 10]]
  [1m[35m (6.9ms)[0m  [1m[36mcommit transaction[0m
Redirected to http://localhost:3000/lists
Completed 302 Found in 17ms (ActiveRecord: 8.6ms)


Started GET "/lists" for 127.0.0.1 at 2018-01-12 09:24:45 +0800
Processing by ListsController#index as HTML
  Rendering lists/index.html.erb within layouts/application
  [1m[36mList Load (0.7ms)[0m  [1m[34mSELECT "lists".* FROM "lists"[0m
  Rendered lists/index.html.erb within layouts/application (9.3ms)
Completed 200 OK in 129ms (Views: 119.2ms | ActiveRecord: 0.7ms)


Started DELETE "/lists/9" for 127.0.0.1 at 2018-01-12 09:24:48 +0800
Processing by ListsController#destroy as HTML
  Parameters: {"authenticity_token"=>"rdMQTzF6ZrRJO59D9vFV6wuinxdQQg/my1k+FM+F8s0FGTD5G4Cqo4JqM45rCpgRe8RSiMJU9hXrin2K5/z+xA==", "id"=>"9"}
  [1m[36mList Load (0.4ms)[0m  [1m[34mSELECT  "lists".* FROM "lists" WHERE "lists"."id" = ? LIMIT ?[0m  [["id", 9], ["LIMIT", 1]]
  [1m[35m (0.3ms)[0m  [1m[36mbegin transaction[0m
  [1m[35mSQL (1.0ms)[0m  [1m[31mDELETE FROM "lists" WHERE "lists"."id" = ?[0m  [["id", 9]]
  [1m[35m (5.8ms)[0m  [1m[36mcommit transaction[0m
Redirected to http://localhost:3000/lists
Completed 302 Found in 17ms (ActiveRecord: 7.6ms)


Started GET "/lists" for 127.0.0.1 at 2018-01-12 09:24:48 +0800
Processing by ListsController#index as HTML
  Rendering lists/index.html.erb within layouts/application
  [1m[36mList Load (0.5ms)[0m  [1m[34mSELECT "lists".* FROM "lists"[0m
  Rendered lists/index.html.erb within layouts/application (10.6ms)
Completed 200 OK in 112ms (Views: 104.1ms | ActiveRecord: 0.5ms)


Started DELETE "/lists/8" for 127.0.0.1 at 2018-01-12 09:24:50 +0800
Processing by ListsController#destroy as HTML
  Parameters: {"authenticity_token"=>"VHjwBYv624fnL85A5qpyw8GJ3ReUan6f7vbVvcUcnmv8stCzoQAXkCx+Yo17Ub85se8QiAZ8h2zOJZYj7WWSYg==", "id"=>"8"}
  [1m[36mList Load (0.3ms)[0m  [1m[34mSELECT  "lists".* FROM "lists" WHERE "lists"."id" = ? LIMIT ?[0m  [["id", 8], ["LIMIT", 1]]
  [1m[35m (0.2ms)[0m  [1m[36mbegin transaction[0m
  [1m[35mSQL (1.0ms)[0m  [1m[31mDELETE FROM "lists" WHERE "lists"."id" = ?[0m  [["id", 8]]
  [1m[35m (5.7ms)[0m  [1m[36mcommit transaction[0m
Redirected to http://localhost:3000/lists
Completed 302 Found in 16ms (ActiveRecord: 7.1ms)


Started GET "/lists" for 127.0.0.1 at 2018-01-12 09:24:50 +0800
Processing by ListsController#index as HTML
  Rendering lists/index.html.erb within layouts/application
  [1m[36mList Load (0.6ms)[0m  [1m[34mSELECT "lists".* FROM "lists"[0m
  Rendered lists/index.html.erb within layouts/application (13.0ms)
Completed 200 OK in 153ms (Views: 145.3ms | ActiveRecord: 0.6ms)


Started GET "/lists/new" for 127.0.0.1 at 2018-01-12 09:31:10 +0800
Processing by ListsController#new as HTML
  Rendering lists/new.html.erb within layouts/application
  Rendered lists/_form.html.erb (361.0ms)
  Rendered lists/new.html.erb within layouts/application (395.4ms)
Completed 500 Internal Server Error in 1077ms (ActiveRecord: 0.0ms)


  
ActionView::Template::Error (couldn't find file 'jquery' with type 'application/javascript'
Checked in these paths: 
  /Users/admin/Desktop/lighthouse_practice/TO_DO_LIST/to_do_list/app/assets/config
  /Users/admin/Desktop/lighthouse_practice/TO_DO_LIST/to_do_list/app/assets/images
  /Users/admin/Desktop/lighthouse_practice/TO_DO_LIST/to_do_list/app/assets/javascripts
  /Users/admin/Desktop/lighthouse_practice/TO_DO_LIST/to_do_list/app/assets/stylesheets
  /usr/local/lib/ruby/gems/2.4.0/gems/coffee-rails-4.2.2/lib/assets/javascripts
  /usr/local/lib/ruby/gems/2.4.0/gems/actioncable-5.1.4/lib/assets/compiled
  /usr/local/lib/ruby/gems/2.4.0/gems/actionview-5.1.4/lib/assets/compiled
  /usr/local/lib/ruby/gems/2.4.0/gems/turbolinks-source-5.0.3/lib/assets/javascripts
  /Users/admin/Desktop/lighthouse_practice/TO_DO_LIST/to_do_list/node_modules
  /usr/local/lib/ruby/gems/2.4.0/gems/bootstrap-sass-3.3.7/assets/stylesheets
  /usr/local/lib/ruby/gems/2.4.0/gems/bootstrap-sass-3.3.7/assets/javascripts
  /usr/local/lib/ruby/gems/2.4.0/gems/bootstrap-sass-3.3.7/assets/fonts
  /usr/local/lib/ruby/gems/2.4.0/gems/bootstrap-sass-3.3.7/assets/images):
     5:     <%= csrf_meta_tags %>
     6: 
     7:     <%= stylesheet_link_tag    'application', media: 'all', 'data-turbolinks-track': 'reload' %>
     8:     <%= javascript_include_tag 'application', 'data-turbolinks-track': 'reload' %>
     9:   </head>
    10: 
    11:   <body>
  
app/assets/javascripts/application.js:16
app/views/layouts/application.html.erb:8:in `_app_views_layouts_application_html_erb___4483493282695335150_70148522268760'
Started GET "/lists/new" for 127.0.0.1 at 2018-01-12 09:31:37 +0800
Processing by ListsController#new as HTML
  Rendering lists/new.html.erb within layouts/application
  Rendered lists/_form.html.erb (10.4ms)
  Rendered lists/new.html.erb within layouts/application (37.3ms)
Completed 500 Internal Server Error in 210ms (ActiveRecord: 0.0ms)


  
ActionView::Template::Error (couldn't find file 'jquery' with type 'application/javascript'
Checked in these paths: 
  /Users/admin/Desktop/lighthouse_practice/TO_DO_LIST/to_do_list/app/assets/config
  /Users/admin/Desktop/lighthouse_practice/TO_DO_LIST/to_do_list/app/assets/images
  /Users/admin/Desktop/lighthouse_practice/TO_DO_LIST/to_do_list/app/assets/javascripts
  /Users/admin/Desktop/lighthouse_practice/TO_DO_LIST/to_do_list/app/assets/stylesheets
  /usr/local/lib/ruby/gems/2.4.0/gems/coffee-rails-4.2.2/lib/assets/javascripts
  /usr/local/lib/ruby/gems/2.4.0/gems/actioncable-5.1.4/lib/assets/compiled
  /usr/local/lib/ruby/gems/2.4.0/gems/actionview-5.1.4/lib/assets/compiled
  /usr/local/lib/ruby/gems/2.4.0/gems/turbolinks-source-5.0.3/lib/assets/javascripts
  /Users/admin/Desktop/lighthouse_practice/TO_DO_LIST/to_do_list/node_modules
  /usr/local/lib/ruby/gems/2.4.0/gems/bootstrap-sass-3.3.7/assets/stylesheets
  /usr/local/lib/ruby/gems/2.4.0/gems/bootstrap-sass-3.3.7/assets/javascripts
  /usr/local/lib/ruby/gems/2.4.0/gems/bootstrap-sass-3.3.7/assets/fonts
  /usr/local/lib/ruby/gems/2.4.0/gems/bootstrap-sass-3.3.7/assets/images):
     5:     <%= csrf_meta_tags %>
     6: 
     7:     <%= stylesheet_link_tag    'application', media: 'all', 'data-turbolinks-track': 'reload' %>
     8:     <%= javascript_include_tag 'application', 'data-turbolinks-track': 'reload' %>
     9:   </head>
    10: 
    11:   <body>
  
app/assets/javascripts/application.js:16
app/views/layouts/application.html.erb:8:in `_app_views_layouts_application_html_erb___4483493282695335150_70148519072760'
Started GET "/lists/new" for 127.0.0.1 at 2018-01-12 09:31:42 +0800
Processing by ListsController#new as HTML
  Rendering lists/new.html.erb within layouts/application
  Rendered lists/_form.html.erb (35.8ms)
  Rendered lists/new.html.erb within layouts/application (43.7ms)
Completed 500 Internal Server Error in 167ms (ActiveRecord: 0.0ms)


  
ActionView::Template::Error (couldn't find file 'jquery' with type 'application/javascript'
Checked in these paths: 
  /Users/admin/Desktop/lighthouse_practice/TO_DO_LIST/to_do_list/app/assets/config
  /Users/admin/Desktop/lighthouse_practice/TO_DO_LIST/to_do_list/app/assets/images
  /Users/admin/Desktop/lighthouse_practice/TO_DO_LIST/to_do_list/app/assets/javascripts
  /Users/admin/Desktop/lighthouse_practice/TO_DO_LIST/to_do_list/app/assets/stylesheets
  /usr/local/lib/ruby/gems/2.4.0/gems/coffee-rails-4.2.2/lib/assets/javascripts
  /usr/local/lib/ruby/gems/2.4.0/gems/actioncable-5.1.4/lib/assets/compiled
  /usr/local/lib/ruby/gems/2.4.0/gems/actionview-5.1.4/lib/assets/compiled
  /usr/local/lib/ruby/gems/2.4.0/gems/turbolinks-source-5.0.3/lib/assets/javascripts
  /Users/admin/Desktop/lighthouse_practice/TO_DO_LIST/to_do_list/node_modules
  /usr/local/lib/ruby/gems/2.4.0/gems/bootstrap-sass-3.3.7/assets/stylesheets
  /usr/local/lib/ruby/gems/2.4.0/gems/bootstrap-sass-3.3.7/assets/javascripts
  /usr/local/lib/ruby/gems/2.4.0/gems/bootstrap-sass-3.3.7/assets/fonts
  /usr/local/lib/ruby/gems/2.4.0/gems/bootstrap-sass-3.3.7/assets/images):
     5:     <%= csrf_meta_tags %>
     6: 
     7:     <%= stylesheet_link_tag    'application', media: 'all', 'data-turbolinks-track': 'reload' %>
     8:     <%= javascript_include_tag 'application', 'data-turbolinks-track': 'reload' %>
     9:   </head>
    10: 
    11:   <body>
  
app/assets/javascripts/application.js:16
app/views/layouts/application.html.erb:8:in `_app_views_layouts_application_html_erb___4483493282695335150_70148485590960'
Started GET "/lists/new" for 127.0.0.1 at 2018-01-12 09:31:45 +0800
Processing by ListsController#new as HTML
  Rendering lists/new.html.erb within layouts/application
  Rendered lists/_form.html.erb (4.2ms)
  Rendered lists/new.html.erb within layouts/application (9.6ms)
Completed 500 Internal Server Error in 76ms (ActiveRecord: 0.0ms)


  
ActionView::Template::Error (couldn't find file 'jquery' with type 'application/javascript'
Checked in these paths: 
  /Users/admin/Desktop/lighthouse_practice/TO_DO_LIST/to_do_list/app/assets/config
  /Users/admin/Desktop/lighthouse_practice/TO_DO_LIST/to_do_list/app/assets/images
  /Users/admin/Desktop/lighthouse_practice/TO_DO_LIST/to_do_list/app/assets/javascripts
  /Users/admin/Desktop/lighthouse_practice/TO_DO_LIST/to_do_list/app/assets/stylesheets
  /usr/local/lib/ruby/gems/2.4.0/gems/coffee-rails-4.2.2/lib/assets/javascripts
  /usr/local/lib/ruby/gems/2.4.0/gems/actioncable-5.1.4/lib/assets/compiled
  /usr/local/lib/ruby/gems/2.4.0/gems/actionview-5.1.4/lib/assets/compiled
  /usr/local/lib/ruby/gems/2.4.0/gems/turbolinks-source-5.0.3/lib/assets/javascripts
  /Users/admin/Desktop/lighthouse_practice/TO_DO_LIST/to_do_list/node_modules
  /usr/local/lib/ruby/gems/2.4.0/gems/bootstrap-sass-3.3.7/assets/stylesheets
  /usr/local/lib/ruby/gems/2.4.0/gems/bootstrap-sass-3.3.7/assets/javascripts
  /usr/local/lib/ruby/gems/2.4.0/gems/bootstrap-sass-3.3.7/assets/fonts
  /usr/local/lib/ruby/gems/2.4.0/gems/bootstrap-sass-3.3.7/assets/images):
     5:     <%= csrf_meta_tags %>
     6: 
     7:     <%= stylesheet_link_tag    'application', media: 'all', 'data-turbolinks-track': 'reload' %>
     8:     <%= javascript_include_tag 'application', 'data-turbolinks-track': 'reload' %>
     9:   </head>
    10: 
    11:   <body>
  
app/assets/javascripts/application.js:16
app/views/layouts/application.html.erb:8:in `_app_views_layouts_application_html_erb___4483493282695335150_70148475145500'
Started GET "/lists/new" for 127.0.0.1 at 2018-01-12 09:32:18 +0800
  [1m[35m (13.0ms)[0m  [1m[34mSELECT "schema_migrations"."version" FROM "schema_migrations" ORDER BY "schema_migrations"."version" ASC[0m
Processing by ListsController#new as HTML
  Rendering lists/new.html.erb within layouts/application
  Rendered lists/_form.html.erb (116.6ms)
  Rendered lists/new.html.erb within layouts/application (124.5ms)
Completed 500 Internal Server Error in 958ms (ActiveRecord: 1.7ms)


  
ActionView::Template::Error (couldn't find file 'jquery' with type 'application/javascript'
Checked in these paths: 
  /Users/admin/Desktop/lighthouse_practice/TO_DO_LIST/to_do_list/app/assets/config
  /Users/admin/Desktop/lighthouse_practice/TO_DO_LIST/to_do_list/app/assets/images
  /Users/admin/Desktop/lighthouse_practice/TO_DO_LIST/to_do_list/app/assets/javascripts
  /Users/admin/Desktop/lighthouse_practice/TO_DO_LIST/to_do_list/app/assets/stylesheets
  /usr/local/lib/ruby/gems/2.4.0/gems/coffee-rails-4.2.2/lib/assets/javascripts
  /usr/local/lib/ruby/gems/2.4.0/gems/actioncable-5.1.4/lib/assets/compiled
  /usr/local/lib/ruby/gems/2.4.0/gems/actionview-5.1.4/lib/assets/compiled
  /usr/local/lib/ruby/gems/2.4.0/gems/turbolinks-source-5.0.3/lib/assets/javascripts
  /Users/admin/Desktop/lighthouse_practice/TO_DO_LIST/to_do_list/node_modules
  /usr/local/lib/ruby/gems/2.4.0/gems/bootstrap-sass-3.3.7/assets/stylesheets
  /usr/local/lib/ruby/gems/2.4.0/gems/bootstrap-sass-3.3.7/assets/javascripts
  /usr/local/lib/ruby/gems/2.4.0/gems/bootstrap-sass-3.3.7/assets/fonts
  /usr/local/lib/ruby/gems/2.4.0/gems/bootstrap-sass-3.3.7/assets/images):
    4:     <title>ToDoList</title>
    5:     <%= csrf_meta_tags %>
    6: 
    7:     <%= stylesheet_link_tag    'application', media: 'all', 'data-turbolinks-track': 'reload' %>
    8:     <%= javascript_include_tag 'application', 'data-turbolinks-track': 'reload' %>
    9:   </head>
   10: 
  
app/assets/javascripts/application.js:16
app/views/layouts/application.html.erb:7:in `_app_views_layouts_application_html_erb___1000153038640377678_70119994546740'
Started GET "/lists/new" for 127.0.0.1 at 2018-01-12 09:32:39 +0800
Processing by ListsController#new as HTML
  Rendering lists/new.html.erb within layouts/application
  Rendered lists/_form.html.erb (10.4ms)
  Rendered lists/new.html.erb within layouts/application (21.7ms)
Completed 200 OK in 717ms (Views: 707.9ms | ActiveRecord: 0.0ms)


Started GET "/lists/new" for 127.0.0.1 at 2018-01-12 09:37:50 +0800
  [1m[35m (20.3ms)[0m  [1m[34mSELECT "schema_migrations"."version" FROM "schema_migrations" ORDER BY "schema_migrations"."version" ASC[0m
Processing by ListsController#new as HTML
  Rendering lists/new.html.erb within layouts/application
  Rendered lists/_form.html.erb (123.6ms)
  Rendered lists/new.html.erb within layouts/application (135.5ms)
Completed 200 OK in 10903ms (Views: 10833.7ms | ActiveRecord: 1.7ms)


Started POST "/lists" for 127.0.0.1 at 2018-01-12 09:38:09 +0800
Processing by ListsController#create as HTML
  Parameters: {"utf8"=>"✓", "authenticity_token"=>"ng0rVXSY6LsaXMwYg4YBnYfL1gNNFt726ehCV851XR42xwvjXmIkrNENYNUefcxn960bnN8AJwXJOwHJ5gxRFw==", "list"=>{"name"=>"Test3", "due"=>"2018-01-15", "note"=>"Just do it!"}, "commit"=>"Create List"}
  [1m[35m (0.4ms)[0m  [1m[36mbegin transaction[0m
  [1m[35mSQL (15.2ms)[0m  [1m[32mINSERT INTO "lists" ("name", "due", "note", "created_at", "updated_at") VALUES (?, ?, ?, ?, ?)[0m  [["name", "Test3"], ["due", "2018-01-15"], ["note", "Just do it!"], ["created_at", "2018-01-12 01:38:09.103465"], ["updated_at", "2018-01-12 01:38:09.103465"]]
  [1m[35m (2.4ms)[0m  [1m[36mcommit transaction[0m
Redirected to http://localhost:3000/lists
Completed 302 Found in 39ms (ActiveRecord: 17.9ms)


Started GET "/lists" for 127.0.0.1 at 2018-01-12 09:38:09 +0800
Processing by ListsController#index as HTML
  Rendering lists/index.html.erb within layouts/application
  [1m[36mList Load (0.6ms)[0m  [1m[34mSELECT "lists".* FROM "lists"[0m
  Rendered lists/index.html.erb within layouts/application (46.0ms)
Completed 200 OK in 319ms (Views: 285.1ms | ActiveRecord: 0.6ms)


Started GET "/lists" for 127.0.0.1 at 2018-01-12 09:45:24 +0800
Processing by ListsController#index as HTML
  Rendering lists/index.html.erb within layouts/application
  [1m[36mList Load (3.1ms)[0m  [1m[34mSELECT "lists".* FROM "lists"[0m
  Rendered lists/index.html.erb within layouts/application (97.9ms)
Completed 200 OK in 681ms (Views: 612.9ms | ActiveRecord: 3.1ms)


Started GET "/lists/new" for 127.0.0.1 at 2018-01-12 09:45:26 +0800
Processing by ListsController#new as HTML
  Rendering lists/new.html.erb within layouts/application
  Rendered lists/_form.html.erb (49.6ms)
  Rendered lists/new.html.erb within layouts/application (62.0ms)
Completed 200 OK in 460ms (Views: 420.1ms | ActiveRecord: 0.0ms)


Started POST "/lists" for 127.0.0.1 at 2018-01-12 09:45:31 +0800
Processing by ListsController#create as HTML
  Parameters: {"utf8"=>"✓", "authenticity_token"=>"7f+7SwsRQorL4XyDl+akQVKFR5+mi+9mUyzxDFTbcs6oRwL4LuPsOsZWP37gCyptwvWRUDpqEMO3LQg5lrCdcA==", "list"=>{"name"=>"Test3", "due"=>"2018-01-15", "note"=>"Just do it!"}, "commit"=>"Create List"}
  [1m[35m (0.6ms)[0m  [1m[36mbegin transaction[0m
  [1m[35mSQL (3.0ms)[0m  [1m[32mINSERT INTO "lists" ("name", "due", "note", "created_at", "updated_at") VALUES (?, ?, ?, ?, ?)[0m  [["name", "Test3"], ["due", "2018-01-15"], ["note", "Just do it!"], ["created_at", "2018-01-12 01:45:31.301919"], ["updated_at", "2018-01-12 01:45:31.301919"]]
  [1m[35m (3.1ms)[0m  [1m[36mcommit transaction[0m
Redirected to http://localhost:3000/lists
Completed 302 Found in 74ms (ActiveRecord: 6.7ms)


Started GET "/lists" for 127.0.0.1 at 2018-01-12 09:45:31 +0800
Processing by ListsController#index as HTML
  Rendering lists/index.html.erb within layouts/application
  [1m[36mList Load (0.6ms)[0m  [1m[34mSELECT "lists".* FROM "lists"[0m
  Rendered lists/index.html.erb within layouts/application (30.7ms)
Completed 200 OK in 349ms (Views: 332.2ms | ActiveRecord: 0.6ms)


Started GET "/lists" for 127.0.0.1 at 2018-01-12 09:46:11 +0800
Processing by ListsController#index as HTML
  Rendering lists/index.html.erb within layouts/application
  [1m[36mList Load (0.9ms)[0m  [1m[34mSELECT "lists".* FROM "lists"[0m
  Rendered lists/index.html.erb within layouts/application (16.9ms)
Completed 200 OK in 432ms (Views: 408.1ms | ActiveRecord: 0.9ms)


Started GET "/lists/new" for 127.0.0.1 at 2018-01-12 09:46:13 +0800
Processing by ListsController#new as HTML
  Rendering lists/new.html.erb within layouts/application
  Rendered lists/_form.html.erb (9.6ms)
  Rendered lists/new.html.erb within layouts/application (25.6ms)
Completed 200 OK in 527ms (Views: 490.9ms | ActiveRecord: 0.0ms)


Started POST "/lists" for 127.0.0.1 at 2018-01-12 09:46:27 +0800
Processing by ListsController#create as HTML
  Parameters: {"utf8"=>"✓", "authenticity_token"=>"C0BrRjB3m4Io9h+kRLzKUsFU6W1c75UOxv0bWfw0XxxO+NL1FYU1MiVBXFkzUUR+USQ/osAOaqsi/OJsPl+wog==", "list"=>{"name"=>"Test3", "due"=>"2018-01-19", "note"=>"test"}, "commit"=>"Create List"}
  [1m[35m (0.2ms)[0m  [1m[36mbegin transaction[0m
  [1m[35mSQL (5.6ms)[0m  [1m[32mINSERT INTO "lists" ("name", "due", "note", "created_at", "updated_at") VALUES (?, ?, ?, ?, ?)[0m  [["name", "Test3"], ["due", "2018-01-19"], ["note", "test"], ["created_at", "2018-01-12 01:46:27.420154"], ["updated_at", "2018-01-12 01:46:27.420154"]]
  [1m[35m (6.9ms)[0m  [1m[36mcommit transaction[0m
Redirected to http://localhost:3000/lists
Completed 302 Found in 27ms (ActiveRecord: 12.7ms)


Started GET "/lists" for 127.0.0.1 at 2018-01-12 09:46:27 +0800
Processing by ListsController#index as HTML
  Rendering lists/index.html.erb within layouts/application
  [1m[36mList Load (1.2ms)[0m  [1m[34mSELECT "lists".* FROM "lists"[0m
  Rendered lists/index.html.erb within layouts/application (45.1ms)
Completed 200 OK in 382ms (Views: 358.1ms | ActiveRecord: 1.2ms)


Started GET "/lists/new" for 127.0.0.1 at 2018-01-12 09:46:56 +0800
Processing by ListsController#new as HTML
  Rendering lists/new.html.erb within layouts/application
  Rendered lists/_form.html.erb (6.9ms)
  Rendered lists/new.html.erb within layouts/application (16.3ms)
Completed 200 OK in 462ms (Views: 431.3ms | ActiveRecord: 0.0ms)


Started POST "/lists" for 127.0.0.1 at 2018-01-12 09:47:01 +0800
Processing by ListsController#create as HTML
  Parameters: {"utf8"=>"✓", "authenticity_token"=>"Ejo1w/iIgiiwbkhrVvHyWMf8CPoN9+HBzrR8BkWVJSNXgoxw3XosmL3ZC5YhHHx0V4zeNZEWHmQqtYUzh/7KnQ==", "list"=>{"name"=>"Test3", "due"=>"2018-01-15", "note"=>"test"}, "commit"=>"Create List"}
  [1m[35m (0.4ms)[0m  [1m[36mbegin transaction[0m
  [1m[35mSQL (1.3ms)[0m  [1m[32mINSERT INTO "lists" ("name", "due", "note", "created_at", "updated_at") VALUES (?, ?, ?, ?, ?)[0m  [["name", "Test3"], ["due", "2018-01-15"], ["note", "test"], ["created_at", "2018-01-12 01:47:01.795518"], ["updated_at", "2018-01-12 01:47:01.795518"]]
  [1m[35m (30.8ms)[0m  [1m[36mcommit transaction[0m
Redirected to http://localhost:3000/lists
Completed 302 Found in 45ms (ActiveRecord: 32.5ms)


Started GET "/lists" for 127.0.0.1 at 2018-01-12 09:47:01 +0800
Processing by ListsController#index as HTML
  Rendering lists/index.html.erb within layouts/application
  [1m[36mList Load (0.9ms)[0m  [1m[34mSELECT "lists".* FROM "lists"[0m
  Rendered lists/index.html.erb within layouts/application (33.4ms)
Completed 200 OK in 343ms (Views: 305.2ms | ActiveRecord: 0.9ms)


Started GET "/lists/new" for 127.0.0.1 at 2018-01-12 09:47:25 +0800
Processing by ListsController#new as HTML
  Rendering lists/new.html.erb within layouts/application
  Rendered lists/_form.html.erb (6.3ms)
  Rendered lists/new.html.erb within layouts/application (14.6ms)
Completed 200 OK in 473ms (Views: 414.8ms | ActiveRecord: 0.0ms)


Started POST "/lists" for 127.0.0.1 at 2018-01-12 09:47:29 +0800
Processing by ListsController#create as HTML
  Parameters: {"utf8"=>"✓", "authenticity_token"=>"M3u5ydF+ccwdFQlJkU+FbUSC6nlPY6Yd+0fgh0zs+Ql2wwB69IzffBCiSrTmogtB1PI8ttOCWbgfRhmyjocWtw==", "list"=>{"name"=>"Clean", "due"=>"2018-01-01", "note"=>"Do it everyday!"}, "commit"=>"Create List"}
  [1m[35m (0.2ms)[0m  [1m[36mbegin transaction[0m
  [1m[35mSQL (1.7ms)[0m  [1m[32mINSERT INTO "lists" ("name", "due", "note", "created_at", "updated_at") VALUES (?, ?, ?, ?, ?)[0m  [["name", "Clean"], ["due", "2018-01-01"], ["note", "Do it everyday!"], ["created_at", "2018-01-12 01:47:29.627133"], ["updated_at", "2018-01-12 01:47:29.627133"]]
  [1m[35m (10.0ms)[0m  [1m[36mcommit transaction[0m
Redirected to http://localhost:3000/lists
Completed 302 Found in 22ms (ActiveRecord: 11.9ms)


Started GET "/lists" for 127.0.0.1 at 2018-01-12 09:47:29 +0800
Processing by ListsController#index as HTML
  Rendering lists/index.html.erb within layouts/application
  [1m[36mList Load (0.9ms)[0m  [1m[34mSELECT "lists".* FROM "lists"[0m
  Rendered lists/index.html.erb within layouts/application (22.5ms)
Completed 200 OK in 312ms (Views: 290.2ms | ActiveRecord: 0.9ms)


Started GET "/lists/new" for 127.0.0.1 at 2018-01-12 09:47:40 +0800
Processing by ListsController#new as HTML
  Rendering lists/new.html.erb within layouts/application
  Rendered lists/_form.html.erb (7.0ms)
  Rendered lists/new.html.erb within layouts/application (24.8ms)
Completed 200 OK in 345ms (Views: 332.6ms | ActiveRecord: 0.0ms)


Started POST "/lists" for 127.0.0.1 at 2018-01-12 09:47:49 +0800
Processing by ListsController#create as HTML
  Parameters: {"utf8"=>"✓", "authenticity_token"=>"VwKoqTV00bZCHp+HW4qdzd/fz0ipb+BmHSHBdccxPqoSuhEaEIZ/Bk+p3HosZxPhT68ZhzWOH8P5IDhABVrRFA==", "list"=>{"name"=>"Clean", "due"=>"2018-01-23", "note"=>"Just do it!"}, "commit"=>"Create List"}
  [1m[35m (0.3ms)[0m  [1m[36mbegin transaction[0m
  [1m[35mSQL (0.9ms)[0m  [1m[32mINSERT INTO "lists" ("name", "due", "note", "created_at", "updated_at") VALUES (?, ?, ?, ?, ?)[0m  [["name", "Clean"], ["due", "2018-01-23"], ["note", "Just do it!"], ["created_at", "2018-01-12 01:47:49.457633"], ["updated_at", "2018-01-12 01:47:49.457633"]]
  [1m[35m (3.1ms)[0m  [1m[36mcommit transaction[0m
Redirected to http://localhost:3000/lists
Completed 302 Found in 14ms (ActiveRecord: 4.2ms)


Started GET "/lists" for 127.0.0.1 at 2018-01-12 09:47:49 +0800
Processing by ListsController#index as HTML
  Rendering lists/index.html.erb within layouts/application
  [1m[36mList Load (0.6ms)[0m  [1m[34mSELECT "lists".* FROM "lists"[0m
  Rendered lists/index.html.erb within layouts/application (17.1ms)
Completed 200 OK in 291ms (Views: 279.7ms | ActiveRecord: 0.6ms)


Started GET "/lists/new" for 127.0.0.1 at 2018-01-12 09:48:20 +0800
Processing by ListsController#new as HTML
  Rendering lists/new.html.erb within layouts/application
  Rendered lists/_form.html.erb (9.5ms)
  Rendered lists/new.html.erb within layouts/application (17.7ms)
Completed 200 OK in 291ms (Views: 270.1ms | ActiveRecord: 0.0ms)


Started POST "/lists" for 127.0.0.1 at 2018-01-12 09:48:25 +0800
Processing by ListsController#create as HTML
  Parameters: {"utf8"=>"✓", "authenticity_token"=>"9R9ZueQWXHtUpSfv3Hi27B+Cl0x1zDHyqzwh+kxxSniwp+AKweTyy1kSZBKrlTjAj/JBg+ktzldPPdjPjhqlxg==", "list"=>{"name"=>"Clean", "due"=>"2018-01-01", "note"=>"test"}, "commit"=>"Create List"}
  [1m[35m (0.7ms)[0m  [1m[36mbegin transaction[0m
  [1m[35mSQL (1.5ms)[0m  [1m[32mINSERT INTO "lists" ("name", "due", "note", "created_at", "updated_at") VALUES (?, ?, ?, ?, ?)[0m  [["name", "Clean"], ["due", "2018-01-01"], ["note", "test"], ["created_at", "2018-01-12 01:48:25.204434"], ["updated_at", "2018-01-12 01:48:25.204434"]]
  [1m[35m (2.9ms)[0m  [1m[36mcommit transaction[0m
Redirected to http://localhost:3000/lists
Completed 302 Found in 17ms (ActiveRecord: 5.1ms)


Started GET "/lists" for 127.0.0.1 at 2018-01-12 09:48:25 +0800
Processing by ListsController#index as HTML
  Rendering lists/index.html.erb within layouts/application
  [1m[36mList Load (1.9ms)[0m  [1m[34mSELECT "lists".* FROM "lists"[0m
  Rendered lists/index.html.erb within layouts/application (61.3ms)
Completed 200 OK in 345ms (Views: 317.4ms | ActiveRecord: 1.9ms)


Started GET "/lists/new" for 127.0.0.1 at 2018-01-12 10:01:49 +0800
Processing by ListsController#new as HTML
  Rendering lists/new.html.erb within layouts/application
  Rendered lists/_form.html.erb (74.3ms)
  Rendered lists/new.html.erb within layouts/application (89.9ms)
Completed 200 OK in 8554ms (Views: 8425.6ms | ActiveRecord: 0.0ms)


Started GET "/lists/new" for 127.0.0.1 at 2018-01-12 10:01:58 +0800
Processing by ListsController#new as HTML
  Rendering lists/new.html.erb within layouts/application
  Rendered lists/_form.html.erb (7.5ms)
  Rendered lists/new.html.erb within layouts/application (57.3ms)
Completed 200 OK in 373ms (Views: 358.5ms | ActiveRecord: 0.0ms)


Started POST "/lists" for 127.0.0.1 at 2018-01-12 10:02:04 +0800
Processing by ListsController#create as HTML
  Parameters: {"utf8"=>"✓", "authenticity_token"=>"SThOYFe5csE6IvBP0Ypsfx0qoM3FZGukerYHk285NXHh8m7WfUO+1vFzXIJMcaGFbUxtUldykldaZUQNR0A5eA==", "list"=>{"name"=>"Test3", "due"=>"2018-01-15", "note"=>"test"}, "commit"=>"Create List"}
  [1m[35m (1.4ms)[0m  [1m[36mbegin transaction[0m
  [1m[35mSQL (2.3ms)[0m  [1m[32mINSERT INTO "lists" ("name", "due", "note", "created_at", "updated_at") VALUES (?, ?, ?, ?, ?)[0m  [["name", "Test3"], ["due", "2018-01-15"], ["note", "test"], ["created_at", "2018-01-12 02:02:04.282071"], ["updated_at", "2018-01-12 02:02:04.282071"]]
  [1m[35m (12.6ms)[0m  [1m[36mcommit transaction[0m
Redirected to http://localhost:3000/lists
Completed 302 Found in 59ms (ActiveRecord: 16.4ms)


Started GET "/lists" for 127.0.0.1 at 2018-01-12 10:02:04 +0800
Processing by ListsController#index as HTML
  Rendering lists/index.html.erb within layouts/application
  [1m[36mList Load (2.4ms)[0m  [1m[34mSELECT "lists".* FROM "lists"[0m
  Rendered lists/index.html.erb within layouts/application (24.1ms)
Completed 200 OK in 314ms (Views: 282.8ms | ActiveRecord: 2.4ms)


Started GET "/lists" for 127.0.0.1 at 2018-01-12 10:02:40 +0800
Processing by ListsController#index as HTML
  Rendering lists/index.html.erb within layouts/application
  [1m[36mList Load (0.7ms)[0m  [1m[34mSELECT "lists".* FROM "lists"[0m
  Rendered lists/index.html.erb within layouts/application (17.2ms)
Completed 200 OK in 7262ms (Views: 7238.8ms | ActiveRecord: 0.7ms)


Started GET "/lists/new" for 127.0.0.1 at 2018-01-12 10:02:51 +0800
Processing by ListsController#new as HTML
  Rendering lists/new.html.erb within layouts/application
  Rendered lists/_form.html.erb (20.2ms)
  Rendered lists/new.html.erb within layouts/application (28.6ms)
Completed 200 OK in 314ms (Views: 245.8ms | ActiveRecord: 0.0ms)


Started POST "/lists" for 127.0.0.1 at 2018-01-12 10:03:00 +0800
Processing by ListsController#create as HTML
  Parameters: {"utf8"=>"✓", "authenticity_token"=>"dVq9Jj5F8z9st+N8S1QiD2vI5g9tF+CGXdcCxLWMce0w4gSVG7ddj2EAoIE8uawj+7gwwPH2HyO51vvxd+eeUw==", "list"=>{"name"=>"Sweep", "due"=>"2018-02-01", "note"=>"Hot water"}, "commit"=>"Create List"}
  [1m[35m (0.2ms)[0m  [1m[36mbegin transaction[0m
  [1m[35mSQL (1.1ms)[0m  [1m[32mINSERT INTO "lists" ("name", "due", "note", "created_at", "updated_at") VALUES (?, ?, ?, ?, ?)[0m  [["name", "Sweep"], ["due", "2018-02-01"], ["note", "Hot water"], ["created_at", "2018-01-12 02:03:00.799899"], ["updated_at", "2018-01-12 02:03:00.799899"]]
  [1m[35m (2.9ms)[0m  [1m[36mcommit transaction[0m
Redirected to http://localhost:3000/lists
Completed 302 Found in 13ms (ActiveRecord: 4.2ms)


Started GET "/lists" for 127.0.0.1 at 2018-01-12 10:03:00 +0800
Processing by ListsController#index as HTML
  Rendering lists/index.html.erb within layouts/application
  [1m[36mList Load (2.5ms)[0m  [1m[34mSELECT "lists".* FROM "lists"[0m
  Rendered lists/index.html.erb within layouts/application (35.2ms)
Completed 200 OK in 339ms (Views: 311.0ms | ActiveRecord: 2.5ms)


Started GET "/lists" for 127.0.0.1 at 2018-01-12 10:04:50 +0800
Processing by ListsController#index as HTML
  Rendering lists/index.html.erb within layouts/application
  [1m[36mList Load (3.3ms)[0m  [1m[34mSELECT "lists".* FROM "lists"[0m
  Rendered lists/index.html.erb within layouts/application (191.0ms)
Completed 200 OK in 7263ms (Views: 7194.8ms | ActiveRecord: 3.3ms)


Started GET "/lists/new" for 127.0.0.1 at 2018-01-12 10:04:59 +0800
Processing by ListsController#new as HTML
  Rendering lists/new.html.erb within layouts/application
  Rendered lists/_form.html.erb (12.1ms)
  Rendered lists/new.html.erb within layouts/application (25.3ms)
Completed 200 OK in 321ms (Views: 278.3ms | ActiveRecord: 0.0ms)


Started POST "/lists" for 127.0.0.1 at 2018-01-12 10:05:05 +0800
Processing by ListsController#create as HTML
  Parameters: {"utf8"=>"✓", "authenticity_token"=>"L9WVUJtMDuX2yED9HJumxlAWrHOklBhglnmzLwDljNVqbSzjvr6gVft/AwBrdijqwGZ6vDh158VyeEoawo5jaw==", "list"=>{"name"=>"Clean", "due"=>"2018-01-15", "note"=>"Hot water"}, "commit"=>"Create List"}
  [1m[35m (0.3ms)[0m  [1m[36mbegin transaction[0m
  [1m[35mSQL (5.4ms)[0m  [1m[32mINSERT INTO "lists" ("name", "due", "note", "created_at", "updated_at") VALUES (?, ?, ?, ?, ?)[0m  [["name", "Clean"], ["due", "2018-01-15"], ["note", "Hot water"], ["created_at", "2018-01-12 02:05:05.481955"], ["updated_at", "2018-01-12 02:05:05.481955"]]
  [1m[35m (3.4ms)[0m  [1m[36mcommit transaction[0m
Redirected to http://localhost:3000/lists
Completed 302 Found in 33ms (ActiveRecord: 9.2ms)


Started GET "/lists" for 127.0.0.1 at 2018-01-12 10:05:05 +0800
Processing by ListsController#index as HTML
  Rendering lists/index.html.erb within layouts/application
  [1m[36mList Load (3.5ms)[0m  [1m[34mSELECT "lists".* FROM "lists"[0m
  Rendered lists/index.html.erb within layouts/application (20.5ms)
Completed 200 OK in 377ms (Views: 365.2ms | ActiveRecord: 3.5ms)


Started GET "/lists/new" for 127.0.0.1 at 2018-01-12 10:05:38 +0800
Processing by ListsController#new as HTML
  Rendering lists/new.html.erb within layouts/application
  Rendered lists/_form.html.erb (10.7ms)
  Rendered lists/new.html.erb within layouts/application (22.6ms)
Completed 200 OK in 368ms (Views: 335.3ms | ActiveRecord: 0.0ms)


Started POST "/lists" for 127.0.0.1 at 2018-01-12 10:05:42 +0800
Processing by ListsController#create as HTML
  Parameters: {"utf8"=>"✓", "authenticity_token"=>"+9a+yI8+NhIAn+2oiUlqeQpr4Fd6KMzajnFMTzdZHFm+bgd7qsyYog0orlX+pORVmhs2mObJM39qcLV69TLz5w==", "list"=>{"name"=>"Clean", "due"=>"2018-02-01", "note"=>"Hot water"}, "commit"=>"Create List"}
  [1m[35m (1.2ms)[0m  [1m[36mbegin transaction[0m
  [1m[35mSQL (1.0ms)[0m  [1m[32mINSERT INTO "lists" ("name", "due", "note", "created_at", "updated_at") VALUES (?, ?, ?, ?, ?)[0m  [["name", "Clean"], ["due", "2018-02-01"], ["note", "Hot water"], ["created_at", "2018-01-12 02:05:42.955774"], ["updated_at", "2018-01-12 02:05:42.955774"]]
  [1m[35m (1.6ms)[0m  [1m[36mcommit transaction[0m
Redirected to http://localhost:3000/lists
Completed 302 Found in 18ms (ActiveRecord: 3.8ms)


Started GET "/lists" for 127.0.0.1 at 2018-01-12 10:05:42 +0800
Processing by ListsController#index as HTML
  Rendering lists/index.html.erb within layouts/application
  [1m[36mList Load (3.6ms)[0m  [1m[34mSELECT "lists".* FROM "lists"[0m
  Rendered lists/index.html.erb within layouts/application (53.7ms)
Completed 200 OK in 409ms (Views: 384.3ms | ActiveRecord: 3.6ms)


Started DELETE "/lists/22" for 127.0.0.1 at 2018-01-12 10:09:44 +0800
Processing by ListsController#destroy as HTML
  Parameters: {"authenticity_token"=>"Ywen3C5tzLk46Qb09UavlR9KXitExoSVupWWQng/fbTLzYdqBJcArvO4qjlovWJvbyyTtNbQfWaaRtXcUEZxvQ==", "id"=>"22"}
  [1m[36mList Load (0.8ms)[0m  [1m[34mSELECT  "lists".* FROM "lists" WHERE "lists"."id" = ? LIMIT ?[0m  [["id", 22], ["LIMIT", 1]]
  [1m[35m (0.3ms)[0m  [1m[36mbegin transaction[0m
  [1m[35mSQL (3.0ms)[0m  [1m[31mDELETE FROM "lists" WHERE "lists"."id" = ?[0m  [["id", 22]]
  [1m[35m (3.2ms)[0m  [1m[36mcommit transaction[0m
Redirected to http://localhost:3000/lists
Completed 302 Found in 223ms (ActiveRecord: 12.7ms)


Started GET "/lists" for 127.0.0.1 at 2018-01-12 10:09:45 +0800
Processing by ListsController#index as HTML
  Rendering lists/index.html.erb within layouts/application
  [1m[36mList Load (0.7ms)[0m  [1m[34mSELECT "lists".* FROM "lists"[0m
  Rendered lists/index.html.erb within layouts/application (109.4ms)
Completed 200 OK in 718ms (Views: 676.6ms | ActiveRecord: 5.6ms)


Started DELETE "/lists/21" for 127.0.0.1 at 2018-01-12 10:10:20 +0800
Processing by ListsController#destroy as HTML
  Parameters: {"authenticity_token"=>"wL+IaDOYEWw6EUCmtotPzKWts7NyhkQvoE1SQZ7hpihodajeGWLde/FA7GsrcII21ct+LOCQvdyAnhHftpiqIQ==", "id"=>"21"}
  [1m[36mList Load (0.6ms)[0m  [1m[34mSELECT  "lists".* FROM "lists" WHERE "lists"."id" = ? LIMIT ?[0m  [["id", 21], ["LIMIT", 1]]
  [1m[35m (0.2ms)[0m  [1m[36mbegin transaction[0m
  [1m[35mSQL (1.1ms)[0m  [1m[31mDELETE FROM "lists" WHERE "lists"."id" = ?[0m  [["id", 21]]
  [1m[35m (2.6ms)[0m  [1m[36mcommit transaction[0m
Redirected to http://localhost:3000/lists
Completed 302 Found in 18ms (ActiveRecord: 4.6ms)


Started GET "/lists" for 127.0.0.1 at 2018-01-12 10:10:20 +0800
Processing by ListsController#index as HTML
  Rendering lists/index.html.erb within layouts/application
  [1m[36mList Load (1.6ms)[0m  [1m[34mSELECT "lists".* FROM "lists"[0m
  Rendered lists/index.html.erb within layouts/application (25.6ms)
Completed 200 OK in 509ms (Views: 491.7ms | ActiveRecord: 1.6ms)


Started DELETE "/lists/20" for 127.0.0.1 at 2018-01-12 10:10:28 +0800
Processing by ListsController#destroy as HTML
  Parameters: {"authenticity_token"=>"yoF3HMfRbnwI8E0mTj+M+WYtO78gbigiCBTIJyRbBuBiS1eq7Suia8Oh4evTxEEDFkv2ILJ40dEox4u5DCIK6Q==", "id"=>"20"}
  [1m[36mList Load (1.0ms)[0m  [1m[34mSELECT  "lists".* FROM "lists" WHERE "lists"."id" = ? LIMIT ?[0m  [["id", 20], ["LIMIT", 1]]
  [1m[35m (0.8ms)[0m  [1m[36mbegin transaction[0m
  [1m[35mSQL (1.1ms)[0m  [1m[31mDELETE FROM "lists" WHERE "lists"."id" = ?[0m  [["id", 20]]
  [1m[35m (3.8ms)[0m  [1m[36mcommit transaction[0m
Redirected to http://localhost:3000/lists
Completed 302 Found in 16ms (ActiveRecord: 6.7ms)


Started GET "/lists" for 127.0.0.1 at 2018-01-12 10:10:28 +0800
Processing by ListsController#index as HTML
  Rendering lists/index.html.erb within layouts/application
  [1m[36mList Load (1.0ms)[0m  [1m[34mSELECT "lists".* FROM "lists"[0m
  Rendered lists/index.html.erb within layouts/application (19.2ms)
Completed 200 OK in 293ms (Views: 283.3ms | ActiveRecord: 1.0ms)


Started DELETE "/lists/19" for 127.0.0.1 at 2018-01-12 10:10:33 +0800
Processing by ListsController#destroy as HTML
  Parameters: {"authenticity_token"=>"/dmqsvA+wwNQzOxdQiSKCoGbW9mIzhUjL4lzLF8az21VE4oE2sQPFJudQJDf30fw8f2WRhrY7NAPWjCyd2PDZA==", "id"=>"19"}
  [1m[36mList Load (0.4ms)[0m  [1m[34mSELECT  "lists".* FROM "lists" WHERE "lists"."id" = ? LIMIT ?[0m  [["id", 19], ["LIMIT", 1]]
  [1m[35m (0.2ms)[0m  [1m[36mbegin transaction[0m
  [1m[35mSQL (1.1ms)[0m  [1m[31mDELETE FROM "lists" WHERE "lists"."id" = ?[0m  [["id", 19]]
  [1m[35m (14.2ms)[0m  [1m[36mcommit transaction[0m
Redirected to http://localhost:3000/lists
Completed 302 Found in 30ms (ActiveRecord: 16.0ms)


Started GET "/lists" for 127.0.0.1 at 2018-01-12 10:10:33 +0800
Processing by ListsController#index as HTML
  Rendering lists/index.html.erb within layouts/application
  [1m[36mList Load (0.5ms)[0m  [1m[34mSELECT "lists".* FROM "lists"[0m
  Rendered lists/index.html.erb within layouts/application (15.1ms)
Completed 200 OK in 255ms (Views: 238.9ms | ActiveRecord: 0.5ms)


Started GET "/lists" for 127.0.0.1 at 2018-01-12 10:16:16 +0800
Processing by ListsController#index as HTML
  Rendering lists/index.html.erb within layouts/application
  [1m[36mList Load (3.8ms)[0m  [1m[34mSELECT "lists".* FROM "lists"[0m
  Rendered lists/index.html.erb within layouts/application (234.7ms)
Completed 200 OK in 1575ms (Views: 1484.9ms | ActiveRecord: 3.8ms)


Started DELETE "/lists/17" for 127.0.0.1 at 2018-01-12 10:16:23 +0800
Processing by ListsController#destroy as HTML
  Parameters: {"authenticity_token"=>"2exyr/KJ1k7E6zQZCLgDFe9X+Dlu4+KCjw67Wri1mfVxJlIZ2HMaWQ+6mNSVQ87vnzE1pvz1G3Gv3fjEkMyV/A==", "id"=>"17"}
  [1m[36mList Load (0.8ms)[0m  [1m[34mSELECT  "lists".* FROM "lists" WHERE "lists"."id" = ? LIMIT ?[0m  [["id", 17], ["LIMIT", 1]]
  [1m[35m (0.6ms)[0m  [1m[36mbegin transaction[0m
  [1m[35mSQL (1.3ms)[0m  [1m[31mDELETE FROM "lists" WHERE "lists"."id" = ?[0m  [["id", 17]]
  [1m[35m (28.2ms)[0m  [1m[36mcommit transaction[0m
Redirected to http://localhost:3000/lists
Completed 302 Found in 56ms (ActiveRecord: 30.8ms)


Started GET "/lists" for 127.0.0.1 at 2018-01-12 10:16:23 +0800
Processing by ListsController#index as HTML
  Rendering lists/index.html.erb within layouts/application
  [1m[36mList Load (1.2ms)[0m  [1m[34mSELECT "lists".* FROM "lists"[0m
  Rendered lists/index.html.erb within layouts/application (23.4ms)
Completed 200 OK in 307ms (Views: 291.7ms | ActiveRecord: 1.2ms)


Started GET "/lists" for 127.0.0.1 at 2018-01-12 10:16:44 +0800
Processing by ListsController#index as HTML
  Rendering lists/index.html.erb within layouts/application
  [1m[36mList Load (2.3ms)[0m  [1m[34mSELECT "lists".* FROM "lists"[0m
  Rendered lists/index.html.erb within layouts/application (27.0ms)
Completed 200 OK in 504ms (Views: 490.8ms | ActiveRecord: 2.3ms)


Started GET "/lists" for 127.0.0.1 at 2018-01-12 10:21:36 +0800
Processing by ListsController#index as HTML
  Rendering lists/index.html.erb within layouts/application
  [1m[36mList Load (4.5ms)[0m  [1m[34mSELECT "lists".* FROM "lists"[0m
  Rendered lists/index.html.erb within layouts/application (113.6ms)
Completed 200 OK in 1237ms (Views: 1189.4ms | ActiveRecord: 4.5ms)


Started GET "/lists" for 127.0.0.1 at 2018-01-12 10:22:02 +0800
Processing by ListsController#index as HTML
  Rendering lists/index.html.erb within layouts/application
  [1m[36mList Load (0.9ms)[0m  [1m[34mSELECT "lists".* FROM "lists"[0m
  Rendered lists/index.html.erb within layouts/application (21.0ms)
Completed 200 OK in 686ms (Views: 673.6ms | ActiveRecord: 0.9ms)


Started GET "/lists" for 127.0.0.1 at 2018-01-12 10:22:05 +0800
Processing by ListsController#index as HTML
  Rendering lists/index.html.erb within layouts/application
  [1m[36mList Load (0.8ms)[0m  [1m[34mSELECT "lists".* FROM "lists"[0m
  Rendered lists/index.html.erb within layouts/application (14.4ms)
Completed 200 OK in 223ms (Views: 213.8ms | ActiveRecord: 0.8ms)


Started GET "/lists" for 127.0.0.1 at 2018-01-12 10:22:25 +0800
Processing by ListsController#index as HTML
  Rendering lists/index.html.erb within layouts/application
  [1m[36mList Load (0.7ms)[0m  [1m[34mSELECT "lists".* FROM "lists"[0m
  Rendered lists/index.html.erb within layouts/application (13.5ms)
Completed 200 OK in 305ms (Views: 295.7ms | ActiveRecord: 0.7ms)


Started GET "/lists" for 127.0.0.1 at 2018-01-12 10:22:28 +0800
Processing by ListsController#index as HTML
  Rendering lists/index.html.erb within layouts/application
  [1m[36mList Load (0.7ms)[0m  [1m[34mSELECT "lists".* FROM "lists"[0m
  Rendered lists/index.html.erb within layouts/application (12.9ms)
Completed 200 OK in 182ms (Views: 172.8ms | ActiveRecord: 0.7ms)


Started GET "/lists" for 127.0.0.1 at 2018-01-12 10:22:30 +0800
Processing by ListsController#index as HTML
  Rendering lists/index.html.erb within layouts/application
  [1m[36mList Load (0.6ms)[0m  [1m[34mSELECT "lists".* FROM "lists"[0m
  Rendered lists/index.html.erb within layouts/application (10.7ms)
Completed 200 OK in 179ms (Views: 170.4ms | ActiveRecord: 0.6ms)


Started GET "/lists" for 127.0.0.1 at 2018-01-12 10:24:00 +0800
Processing by ListsController#index as HTML
  Rendering lists/index.html.erb within layouts/application
  [1m[36mList Load (0.8ms)[0m  [1m[34mSELECT "lists".* FROM "lists"[0m
  Rendered lists/index.html.erb within layouts/application (15.5ms)
Completed 200 OK in 374ms (Views: 362.0ms | ActiveRecord: 0.8ms)


Started GET "/lists" for 127.0.0.1 at 2018-01-12 10:24:02 +0800
Processing by ListsController#index as HTML
  Rendering lists/index.html.erb within layouts/application
  [1m[36mList Load (0.8ms)[0m  [1m[34mSELECT "lists".* FROM "lists"[0m
  Rendered lists/index.html.erb within layouts/application (17.5ms)
Completed 200 OK in 328ms (Views: 317.5ms | ActiveRecord: 0.8ms)


Started GET "/" for 127.0.0.1 at 2018-01-12 10:24:06 +0800
Processing by ListsController#index as HTML
  Rendering lists/index.html.erb within layouts/application
  [1m[36mList Load (0.8ms)[0m  [1m[34mSELECT "lists".* FROM "lists"[0m
  Rendered lists/index.html.erb within layouts/application (19.2ms)
Completed 200 OK in 374ms (Views: 364.3ms | ActiveRecord: 0.8ms)


Started GET "/" for 127.0.0.1 at 2018-01-12 10:24:59 +0800
Processing by ListsController#index as HTML
  Rendering lists/index.html.erb within layouts/application
  [1m[36mList Load (1.9ms)[0m  [1m[34mSELECT "lists".* FROM "lists"[0m
  Rendered lists/index.html.erb within layouts/application (18.3ms)
Completed 200 OK in 477ms (Views: 467.9ms | ActiveRecord: 1.9ms)


Started GET "/" for 127.0.0.1 at 2018-01-12 10:26:31 +0800
Processing by ListsController#index as HTML
  Rendering lists/index.html.erb within layouts/application
  [1m[36mList Load (0.5ms)[0m  [1m[34mSELECT "lists".* FROM "lists"[0m
  Rendered lists/index.html.erb within layouts/application (14.1ms)
Completed 200 OK in 418ms (Views: 411.2ms | ActiveRecord: 0.5ms)


Started GET "/" for 127.0.0.1 at 2018-01-12 10:26:34 +0800
Processing by ListsController#index as HTML
  Rendering lists/index.html.erb within layouts/application
  [1m[36mList Load (0.7ms)[0m  [1m[34mSELECT "lists".* FROM "lists"[0m
  Rendered lists/index.html.erb within layouts/application (15.1ms)
Completed 200 OK in 198ms (Views: 189.8ms | ActiveRecord: 0.7ms)


Started GET "/" for 127.0.0.1 at 2018-01-12 10:29:28 +0800
Processing by ListsController#index as HTML
  Rendering lists/index.html.erb within layouts/application
  [1m[36mList Load (2.8ms)[0m  [1m[34mSELECT "lists".* FROM "lists"[0m
  Rendered lists/index.html.erb within layouts/application (64.9ms)
Completed 200 OK in 577ms (Views: 526.1ms | ActiveRecord: 2.8ms)


Started GET "/" for 127.0.0.1 at 2018-01-12 10:29:40 +0800
Processing by ListsController#index as HTML
  Rendering lists/index.html.erb within layouts/application
  [1m[36mList Load (1.1ms)[0m  [1m[34mSELECT "lists".* FROM "lists"[0m
  Rendered lists/index.html.erb within layouts/application (22.9ms)
Completed 200 OK in 425ms (Views: 413.0ms | ActiveRecord: 1.1ms)


Started GET "/" for 127.0.0.1 at 2018-01-12 10:29:42 +0800
Processing by ListsController#index as HTML
  Rendering lists/index.html.erb within layouts/application
  [1m[36mList Load (0.9ms)[0m  [1m[34mSELECT "lists".* FROM "lists"[0m
  Rendered lists/index.html.erb within layouts/application (26.6ms)
Completed 200 OK in 522ms (Views: 508.9ms | ActiveRecord: 0.9ms)


Started GET "/" for 127.0.0.1 at 2018-01-12 10:30:03 +0800
Processing by ListsController#index as HTML
  Rendering lists/index.html.erb within layouts/application
  [1m[36mList Load (0.9ms)[0m  [1m[34mSELECT "lists".* FROM "lists"[0m
  Rendered lists/index.html.erb within layouts/application (19.9ms)
Completed 200 OK in 322ms (Views: 312.1ms | ActiveRecord: 0.9ms)


Started GET "/" for 127.0.0.1 at 2018-01-12 10:30:32 +0800
Processing by ListsController#index as HTML
  Rendering lists/index.html.erb within layouts/application
  [1m[36mList Load (2.1ms)[0m  [1m[34mSELECT "lists".* FROM "lists"[0m
  Rendered lists/index.html.erb within layouts/application (36.3ms)
Completed 200 OK in 642ms (Views: 629.6ms | ActiveRecord: 2.1ms)


Started GET "/" for 127.0.0.1 at 2018-01-12 10:30:42 +0800
Processing by ListsController#index as HTML
  Rendering lists/index.html.erb within layouts/application
  [1m[36mList Load (0.9ms)[0m  [1m[34mSELECT "lists".* FROM "lists"[0m
  Rendered lists/index.html.erb within layouts/application (35.2ms)
Completed 200 OK in 621ms (Views: 607.9ms | ActiveRecord: 0.9ms)


Started GET "/" for 127.0.0.1 at 2018-01-12 10:30:51 +0800
Processing by ListsController#index as HTML
  Rendering lists/index.html.erb within layouts/application
  [1m[36mList Load (0.9ms)[0m  [1m[34mSELECT "lists".* FROM "lists"[0m
  Rendered lists/index.html.erb within layouts/application (21.3ms)
Completed 200 OK in 428ms (Views: 417.0ms | ActiveRecord: 0.9ms)


Started GET "/" for 127.0.0.1 at 2018-01-12 10:31:06 +0800
Processing by ListsController#index as HTML
  Rendering lists/index.html.erb within layouts/application
  [1m[36mList Load (1.2ms)[0m  [1m[34mSELECT "lists".* FROM "lists"[0m
  Rendered lists/index.html.erb within layouts/application (22.5ms)
Completed 200 OK in 446ms (Views: 431.5ms | ActiveRecord: 1.2ms)


Started GET "/" for 127.0.0.1 at 2018-01-12 10:31:09 +0800
Processing by ListsController#index as HTML
  Rendering lists/index.html.erb within layouts/application
  [1m[36mList Load (0.7ms)[0m  [1m[34mSELECT "lists".* FROM "lists"[0m
  Rendered lists/index.html.erb within layouts/application (13.9ms)
Completed 200 OK in 206ms (Views: 193.5ms | ActiveRecord: 0.7ms)


Started GET "/" for 127.0.0.1 at 2018-01-12 10:31:36 +0800
Processing by ListsController#index as HTML
  Rendering lists/index.html.erb within layouts/application
  [1m[36mList Load (0.8ms)[0m  [1m[34mSELECT "lists".* FROM "lists"[0m
  Rendered lists/index.html.erb within layouts/application (18.4ms)
Completed 200 OK in 221ms (Views: 210.5ms | ActiveRecord: 0.8ms)


Started GET "/" for 127.0.0.1 at 2018-01-12 10:31:48 +0800
Processing by ListsController#index as HTML
  Rendering lists/index.html.erb within layouts/application
  [1m[36mList Load (0.8ms)[0m  [1m[34mSELECT "lists".* FROM "lists"[0m
  Rendered lists/index.html.erb within layouts/application (23.2ms)
Completed 200 OK in 576ms (Views: 564.8ms | ActiveRecord: 0.8ms)


Started GET "/" for 127.0.0.1 at 2018-01-12 10:32:00 +0800
Processing by ListsController#index as HTML
  Rendering lists/index.html.erb within layouts/application
  [1m[36mList Load (0.9ms)[0m  [1m[34mSELECT "lists".* FROM "lists"[0m
  Rendered lists/index.html.erb within layouts/application (20.0ms)
Completed 200 OK in 332ms (Views: 321.5ms | ActiveRecord: 0.9ms)


Started GET "/" for 127.0.0.1 at 2018-01-12 10:41:25 +0800
Processing by ListsController#index as HTML
  Rendering lists/index.html.erb within layouts/application
  [1m[36mList Load (5.2ms)[0m  [1m[34mSELECT "lists".* FROM "lists"[0m
  Rendered lists/index.html.erb within layouts/application (115.6ms)
Completed 200 OK in 739ms (Views: 675.2ms | ActiveRecord: 5.2ms)


